1754907572: mosquitto version 2.0.22 starting
1754907572: Config loaded from /mosquitto/config/mosquitto.conf.
1754907572: Opening ipv4 listen socket on port 1883.
1754907572: Opening websockets listen socket on port 9001.
1754907572: mosquitto version 2.0.22 running
1754909373: Saving in-memory database to /mosquitto/data//mosquitto.db.
1754910776: mosquitto version 2.0.22 terminating
1754910776: Saving in-memory database to /mosquitto/data//mosquitto.db.
1754910883: mosquitto version 2.0.22 starting
1754910883: Config loaded from /mosquitto/config/mosquitto.conf.
1754910883: Opening ipv4 listen socket on port 1883.
1754910883: Opening websockets listen socket on port 9001.
1754910883: mosquitto version 2.0.22 running
1754912595: mosquitto version 2.0.22 starting
1754912595: Config loaded from /mosquitto/config/mosquitto.conf.
1754912595: Error: Invalid line in acl_file "/mosquitto/config/acl": cat.
1754912595: Error opening acl file "/mosquitto/config/acl".
1754912683: Saving in-memory database to /mosquitto/data//mosquitto.db.
1754913539: mosquitto version 2.0.22 terminating
1754913539: Saving in-memory database to /mosquitto/data//mosquitto.db.
1754913539: mosquitto version 2.0.22 starting
1754913539: Config loaded from /mosquitto/config/mosquitto.conf.
1754913539: Error: Invalid line in acl_file "/mosquitto/config/acl": cat.
1754913539: Error opening acl file "/mosquitto/config/acl".
1754913540: mosquitto version 2.0.22 starting
1754913540: Config loaded from /mosquitto/config/mosquitto.conf.
1754913540: Error: Invalid line in acl_file "/mosquitto/config/acl": cat.
1754913540: Error opening acl file "/mosquitto/config/acl".
1754913540: mosquitto version 2.0.22 starting
1754913540: Config loaded from /mosquitto/config/mosquitto.conf.
1754913540: Error: Invalid line in acl_file "/mosquitto/config/acl": cat.
1754913540: Error opening acl file "/mosquitto/config/acl".
1754913541: mosquitto version 2.0.22 starting
1754913541: Config loaded from /mosquitto/config/mosquitto.conf.
1754913541: Error: Invalid line in acl_file "/mosquitto/config/acl": cat.
1754913541: Error opening acl file "/mosquitto/config/acl".
1754913542: mosquitto version 2.0.22 starting
1754913542: Config loaded from /mosquitto/config/mosquitto.conf.
1754913542: Error: Invalid line in acl_file "/mosquitto/config/acl": cat.
1754913542: Error opening acl file "/mosquitto/config/acl".
1754913544: mosquitto version 2.0.22 starting
1754913544: Config loaded from /mosquitto/config/mosquitto.conf.
1754913544: Error: Invalid line in acl_file "/mosquitto/config/acl": cat.
1754913544: Error opening acl file "/mosquitto/config/acl".
1754913547: mosquitto version 2.0.22 starting
1754913547: Config loaded from /mosquitto/config/mosquitto.conf.
1754913547: Error: Invalid line in acl_file "/mosquitto/config/acl": cat.
1754913547: Error opening acl file "/mosquitto/config/acl".
1754913554: mosquitto version 2.0.22 starting
1754913554: Config loaded from /mosquitto/config/mosquitto.conf.
1754913554: Error: Invalid line in acl_file "/mosquitto/config/acl": cat.
1754913554: Error opening acl file "/mosquitto/config/acl".
1754913566: mosquitto version 2.0.22 starting
1754913566: Config loaded from /mosquitto/config/mosquitto.conf.
1754913566: Error: Invalid line in acl_file "/mosquitto/config/acl": cat.
1754913566: Error opening acl file "/mosquitto/config/acl".
1754913567: mosquitto version 2.0.22 starting
1754913567: Config loaded from /mosquitto/config/mosquitto.conf.
1754913567: Error: Invalid line in acl_file "/mosquitto/config/acl": cat.
1754913567: Error opening acl file "/mosquitto/config/acl".
1754913567: mosquitto version 2.0.22 starting
1754913567: Config loaded from /mosquitto/config/mosquitto.conf.
1754913567: Error: Invalid line in acl_file "/mosquitto/config/acl": cat.
1754913567: Error opening acl file "/mosquitto/config/acl".
1754913568: mosquitto version 2.0.22 starting
1754913568: Config loaded from /mosquitto/config/mosquitto.conf.
1754913568: Error: Invalid line in acl_file "/mosquitto/config/acl": cat.
1754913568: Error opening acl file "/mosquitto/config/acl".
1754913569: mosquitto version 2.0.22 starting
1754913569: Config loaded from /mosquitto/config/mosquitto.conf.
1754913569: Error: Invalid line in acl_file "/mosquitto/config/acl": cat.
1754913569: Error opening acl file "/mosquitto/config/acl".
1754913571: mosquitto version 2.0.22 starting
1754913571: Config loaded from /mosquitto/config/mosquitto.conf.
1754913571: Error: Invalid line in acl_file "/mosquitto/config/acl": cat.
1754913571: Error opening acl file "/mosquitto/config/acl".
1754913574: mosquitto version 2.0.22 starting
1754913574: Config loaded from /mosquitto/config/mosquitto.conf.
1754913574: Error: Invalid line in acl_file "/mosquitto/config/acl": cat.
1754913574: Error opening acl file "/mosquitto/config/acl".
1754913581: mosquitto version 2.0.22 starting
1754913581: Config loaded from /mosquitto/config/mosquitto.conf.
1754913581: Error: Invalid line in acl_file "/mosquitto/config/acl": cat.
1754913581: Error opening acl file "/mosquitto/config/acl".
1754913594: mosquitto version 2.0.22 starting
1754913594: Config loaded from /mosquitto/config/mosquitto.conf.
1754913594: Error: Invalid line in acl_file "/mosquitto/config/acl": cat.
1754913594: Error opening acl file "/mosquitto/config/acl".
1754913619: mosquitto version 2.0.22 starting
1754913619: Config loaded from /mosquitto/config/mosquitto.conf.
1754913619: Error: Invalid line in acl_file "/mosquitto/config/acl": cat.
1754913619: Error opening acl file "/mosquitto/config/acl".
1754913671: mosquitto version 2.0.22 starting
1754913671: Config loaded from /mosquitto/config/mosquitto.conf.
1754913671: Error: Invalid line in acl_file "/mosquitto/config/acl": cat.
1754913671: Error opening acl file "/mosquitto/config/acl".
1754913731: mosquitto version 2.0.22 starting
1754913731: Config loaded from /mosquitto/config/mosquitto.conf.
1754913731: Error: Invalid line in acl_file "/mosquitto/config/acl": cat.
1754913731: Error opening acl file "/mosquitto/config/acl".
1754913791: mosquitto version 2.0.22 starting
1754913791: Config loaded from /mosquitto/config/mosquitto.conf.
1754913791: Error: Invalid line in acl_file "/mosquitto/config/acl": cat.
1754913791: Error opening acl file "/mosquitto/config/acl".
1754913852: mosquitto version 2.0.22 starting
1754913852: Config loaded from /mosquitto/config/mosquitto.conf.
1754913852: Error: Invalid line in acl_file "/mosquitto/config/acl": cat.
1754913852: Error opening acl file "/mosquitto/config/acl".
1754913912: mosquitto version 2.0.22 starting
1754913912: Config loaded from /mosquitto/config/mosquitto.conf.
1754913912: Error: Invalid line in acl_file "/mosquitto/config/acl": cat.
1754913912: Error opening acl file "/mosquitto/config/acl".
1754913972: mosquitto version 2.0.22 starting
1754913972: Config loaded from /mosquitto/config/mosquitto.conf.
1754913972: Error: Invalid line in acl_file "/mosquitto/config/acl": cat.
1754913972: Error opening acl file "/mosquitto/config/acl".
1754914007: mosquitto version 2.0.22 starting
1754914007: Config loaded from /mosquitto/config/mosquitto.conf.
1754914007: Error: Invalid line in acl_file "/mosquitto/config/acl": cat.
1754914007: Error opening acl file "/mosquitto/config/acl".
1754914007: mosquitto version 2.0.22 starting
1754914007: Config loaded from /mosquitto/config/mosquitto.conf.
1754914007: Error: Invalid line in acl_file "/mosquitto/config/acl": cat.
1754914007: Error opening acl file "/mosquitto/config/acl".
1754914007: mosquitto version 2.0.22 starting
1754914007: Config loaded from /mosquitto/config/mosquitto.conf.
1754914007: Error: Invalid line in acl_file "/mosquitto/config/acl": cat.
1754914007: Error opening acl file "/mosquitto/config/acl".
1754914008: mosquitto version 2.0.22 starting
1754914008: Config loaded from /mosquitto/config/mosquitto.conf.
1754914008: Error: Invalid line in acl_file "/mosquitto/config/acl": cat.
1754914008: Error opening acl file "/mosquitto/config/acl".
1754914009: mosquitto version 2.0.22 starting
1754914009: Config loaded from /mosquitto/config/mosquitto.conf.
1754914009: Error: Invalid line in acl_file "/mosquitto/config/acl": cat.
1754914009: Error opening acl file "/mosquitto/config/acl".
1754914011: mosquitto version 2.0.22 starting
1754914011: Config loaded from /mosquitto/config/mosquitto.conf.
1754914011: Error: Invalid line in acl_file "/mosquitto/config/acl": cat.
1754914011: Error opening acl file "/mosquitto/config/acl".
1754914014: mosquitto version 2.0.22 starting
1754914014: Config loaded from /mosquitto/config/mosquitto.conf.
1754914014: Error: Invalid line in acl_file "/mosquitto/config/acl": cat.
1754914014: Error opening acl file "/mosquitto/config/acl".
1754914021: mosquitto version 2.0.22 starting
1754914021: Config loaded from /mosquitto/config/mosquitto.conf.
1754914021: Error: Invalid line in acl_file "/mosquitto/config/acl": cat.
1754914021: Error opening acl file "/mosquitto/config/acl".
1754914034: mosquitto version 2.0.22 starting
1754914034: Config loaded from /mosquitto/config/mosquitto.conf.
1754914034: Error: Invalid line in acl_file "/mosquitto/config/acl": cat.
1754914034: Error opening acl file "/mosquitto/config/acl".
1754914060: mosquitto version 2.0.22 starting
1754914060: Config loaded from /mosquitto/config/mosquitto.conf.
1754914060: Error: Invalid line in acl_file "/mosquitto/config/acl": cat.
1754914060: Error opening acl file "/mosquitto/config/acl".
1754914111: mosquitto version 2.0.22 starting
1754914111: Config loaded from /mosquitto/config/mosquitto.conf.
1754914111: Error: Invalid line in acl_file "/mosquitto/config/acl": cat.
1754914111: Error opening acl file "/mosquitto/config/acl".
1754914172: mosquitto version 2.0.22 starting
1754914172: Config loaded from /mosquitto/config/mosquitto.conf.
1754914172: Error: Invalid line in acl_file "/mosquitto/config/acl": cat.
1754914172: Error opening acl file "/mosquitto/config/acl".
1754914185: mosquitto version 2.0.22 starting
1754914185: Config loaded from /mosquitto/config/mosquitto.conf.
1754914185: Error: Invalid line in acl_file "/mosquitto/config/acl": cat.
1754914185: Error opening acl file "/mosquitto/config/acl".
1754914185: mosquitto version 2.0.22 starting
1754914185: Config loaded from /mosquitto/config/mosquitto.conf.
1754914185: Error: Invalid line in acl_file "/mosquitto/config/acl": cat.
1754914185: Error opening acl file "/mosquitto/config/acl".
1754914186: mosquitto version 2.0.22 starting
1754914186: Config loaded from /mosquitto/config/mosquitto.conf.
1754914186: Error: Invalid line in acl_file "/mosquitto/config/acl": cat.
1754914186: Error opening acl file "/mosquitto/config/acl".
1754914186: mosquitto version 2.0.22 starting
1754914186: Config loaded from /mosquitto/config/mosquitto.conf.
1754914186: Error: Invalid line in acl_file "/mosquitto/config/acl": cat.
1754914186: Error opening acl file "/mosquitto/config/acl".
1754914187: mosquitto version 2.0.22 starting
1754914187: Config loaded from /mosquitto/config/mosquitto.conf.
1754914187: Error: Invalid line in acl_file "/mosquitto/config/acl": cat.
1754914187: Error opening acl file "/mosquitto/config/acl".
1754914189: mosquitto version 2.0.22 starting
1754914189: Config loaded from /mosquitto/config/mosquitto.conf.
1754914189: Error: Invalid line in acl_file "/mosquitto/config/acl": cat.
1754914189: Error opening acl file "/mosquitto/config/acl".
1754914193: mosquitto version 2.0.22 starting
1754914193: Config loaded from /mosquitto/config/mosquitto.conf.
1754914193: Error: Invalid line in acl_file "/mosquitto/config/acl": cat.
1754914193: Error opening acl file "/mosquitto/config/acl".
1754914199: mosquitto version 2.0.22 starting
1754914199: Config loaded from /mosquitto/config/mosquitto.conf.
1754914199: Error: Invalid line in acl_file "/mosquitto/config/acl": cat.
1754914199: Error opening acl file "/mosquitto/config/acl".
1754914212: mosquitto version 2.0.22 starting
1754914212: Config loaded from /mosquitto/config/mosquitto.conf.
1754914212: Error: Invalid line in acl_file "/mosquitto/config/acl": cat.
1754914212: Error opening acl file "/mosquitto/config/acl".
1754914238: mosquitto version 2.0.22 starting
1754914238: Config loaded from /mosquitto/config/mosquitto.conf.
1754914238: Error: Invalid line in acl_file "/mosquitto/config/acl": cat.
1754914238: Error opening acl file "/mosquitto/config/acl".
1754914260: mosquitto version 2.0.22 starting
1754914260: Config loaded from /mosquitto/config/mosquitto.conf.
1754914260: Error: Invalid line in acl_file "/mosquitto/config/acl": cat.
1754914260: Error opening acl file "/mosquitto/config/acl".
1754914281: mosquitto version 2.0.22 starting
1754914281: Config loaded from /mosquitto/config/mosquitto.conf.
1754914281: Error: Invalid line in acl_file "/mosquitto/config/acl": cat.
1754914281: Error opening acl file "/mosquitto/config/acl".
1754914292: mosquitto version 2.0.22 starting
1754914292: Config loaded from /mosquitto/config/mosquitto.conf.
1754914292: Error: Invalid line in acl_file "/mosquitto/config/acl": cat.
1754914292: Error opening acl file "/mosquitto/config/acl".
1754914308: mosquitto version 2.0.22 starting
1754914308: Config loaded from /mosquitto/config/mosquitto.conf.
1754914308: Error: Invalid line in acl_file "/mosquitto/config/acl": cat.
1754914308: Error opening acl file "/mosquitto/config/acl".
1754914400: mosquitto version 2.0.22 starting
1754914400: Config loaded from /mosquitto/config/mosquitto.conf.
1754914400: Error: Invalid line in acl_file "/mosquitto/config/acl": cat.
1754914400: Error opening acl file "/mosquitto/config/acl".
1754914401: mosquitto version 2.0.22 starting
1754914401: Config loaded from /mosquitto/config/mosquitto.conf.
1754914401: Error: Invalid line in acl_file "/mosquitto/config/acl": cat.
1754914401: Error opening acl file "/mosquitto/config/acl".
1754914401: mosquitto version 2.0.22 starting
1754914401: Config loaded from /mosquitto/config/mosquitto.conf.
1754914401: Error: Invalid line in acl_file "/mosquitto/config/acl": cat.
1754914401: Error opening acl file "/mosquitto/config/acl".
1754914402: mosquitto version 2.0.22 starting
1754914402: Config loaded from /mosquitto/config/mosquitto.conf.
1754914402: Error: Invalid line in acl_file "/mosquitto/config/acl": cat.
1754914402: Error opening acl file "/mosquitto/config/acl".
1754914403: mosquitto version 2.0.22 starting
1754914403: Config loaded from /mosquitto/config/mosquitto.conf.
1754914403: Error: Invalid line in acl_file "/mosquitto/config/acl": cat.
1754914403: Error opening acl file "/mosquitto/config/acl".
1754914404: mosquitto version 2.0.22 starting
1754914404: Config loaded from /mosquitto/config/mosquitto.conf.
1754914404: Error: Invalid line in acl_file "/mosquitto/config/acl": cat.
1754914404: Error opening acl file "/mosquitto/config/acl".
1754914408: mosquitto version 2.0.22 starting
1754914408: Config loaded from /mosquitto/config/mosquitto.conf.
1754914408: Error: Invalid line in acl_file "/mosquitto/config/acl": cat.
1754914408: Error opening acl file "/mosquitto/config/acl".
1754914415: mosquitto version 2.0.22 starting
1754914415: Config loaded from /mosquitto/config/mosquitto.conf.
1754914415: Error: Invalid line in acl_file "/mosquitto/config/acl": cat.
1754914415: Error opening acl file "/mosquitto/config/acl".
1754914428: mosquitto version 2.0.22 starting
1754914428: Config loaded from /mosquitto/config/mosquitto.conf.
1754914428: Error: Invalid line in acl_file "/mosquitto/config/acl": cat.
1754914428: Error opening acl file "/mosquitto/config/acl".
1754914453: mosquitto version 2.0.22 starting
1754914453: Config loaded from /mosquitto/config/mosquitto.conf.
1754914453: Error: Invalid line in acl_file "/mosquitto/config/acl": cat.
1754914453: Error opening acl file "/mosquitto/config/acl".
1754914505: mosquitto version 2.0.22 starting
1754914505: Config loaded from /mosquitto/config/mosquitto.conf.
1754914505: Error: Invalid line in acl_file "/mosquitto/config/acl": cat.
1754914505: Error opening acl file "/mosquitto/config/acl".
1754914565: mosquitto version 2.0.22 starting
1754914565: Config loaded from /mosquitto/config/mosquitto.conf.
1754914565: Error: Invalid line in acl_file "/mosquitto/config/acl": cat.
1754914565: Error opening acl file "/mosquitto/config/acl".
1754914625: mosquitto version 2.0.22 starting
1754914625: Config loaded from /mosquitto/config/mosquitto.conf.
1754914625: Warning: ACL pattern 'public/#' does not contain '%c' or '%u'.
1754914625: Opening ipv4 listen socket on port 1883.
1754914625: Opening websockets listen socket on port 9001.
1754914625: mosquitto version 2.0.22 running
1754914644: mosquitto version 2.0.22 terminating
1754914644: Saving in-memory database to /mosquitto/data//mosquitto.db.
1754914644: mosquitto version 2.0.22 starting
1754914644: Config loaded from /mosquitto/config/mosquitto.conf.
1754914644: Warning: ACL pattern 'public/#' does not contain '%c' or '%u'.
1754914644: Opening ipv4 listen socket on port 1883.
1754914644: Opening websockets listen socket on port 9001.
1754914644: mosquitto version 2.0.22 running
1754914681: New connection from 172.18.0.1:34972 on port 1883.
1754914681: Client <unknown> closed its connection.
1754914689: New connection from 172.18.0.1:48320 on port 1883.
1754914689: Client auto-63B207AA-A98A-FB01-8E5A-6016822A4C5B disconnected, not authorised.
1754914735: New connection from 172.18.0.1:54920 on port 1883.
1754914735: Client auto-6DE8D91E-3C59-02DE-6313-16D0CD2426BC disconnected, not authorised.
1754915260: New connection from 172.18.0.1:36612 on port 1883.
1754915260: Client auto-95FC44E1-2747-A0B0-3F0C-2A2B51B5FF30 disconnected, not authorised.
1754915272: New connection from 172.18.0.1:54696 on port 1883.
1754915272: Client auto-E33A78FE-108C-CEC0-07E3-DA8A1F5D9C41 disconnected, not authorised.
1754915284: mosquitto version 2.0.22 terminating
1754915284: Saving in-memory database to /mosquitto/data//mosquitto.db.
1754915284: mosquitto version 2.0.22 starting
1754915284: Config loaded from /mosquitto/config/mosquitto.conf.
1754915284: Warning: ACL pattern 'public/#' does not contain '%c' or '%u'.
1754915284: Opening ipv4 listen socket on port 1883.
1754915284: Opening websockets listen socket on port 9001.
1754915284: mosquitto version 2.0.22 running
1754915298: New connection from 172.18.0.1:54096 on port 1883.
1754915298: New client connected from 172.18.0.1:54096 as auto-E1BF04AF-CE54-73B8-BDBD-259DD87C3E30 (p2, c1, k60, u'admin').
1754915659: mosquitto version 2.0.22 terminating
1754915659: Saving in-memory database to /mosquitto/data//mosquitto.db.
1754915660: mosquitto version 2.0.22 starting
1754915660: Config loaded from /mosquitto/config/mosquitto.conf.
1754915660: Warning: ACL pattern 'public/#' does not contain '%c' or '%u'.
1754915660: Opening ipv4 listen socket on port 1883.
1754915660: Opening websockets listen socket on port 9001.
1754915660: mosquitto version 2.0.22 running
1754915660: New connection from 172.18.0.1:36020 on port 1883.
1754915660: New client connected from 172.18.0.1:36020 as auto-172B21D9-FE12-C5C4-7B72-A91D10071D47 (p2, c1, k60, u'admin').
1754915691: New connection from 172.18.0.1:53998 on port 1883.
1754915691: Client auto-DB76091A-3931-8FB7-FB2A-0A9AD57ED254 disconnected, not authorised.
1754915691: New connection from 172.18.0.1:54010 on port 1883.
1754915691: Client auto-1E994A04-5CA7-29CD-9CF7-BB01BDC1AAED disconnected, not authorised.
1754915757: New connection from 172.18.0.1:49858 on port 1883.
1754915757: New client connected from 172.18.0.1:49858 as auto-69FA67F7-37EF-1788-2B8B-35872B6AB36F (p2, c1, k60, u'echipa1').
1754915757: Client auto-69FA67F7-37EF-1788-2B8B-35872B6AB36F disconnected.
1754915773: New connection from 172.18.0.1:33890 on port 1883.
1754915773: New client connected from 172.18.0.1:33890 as auto-8F66F1DF-1BA5-C9BB-1599-E9847B3A08EE (p2, c1, k60, u'echipa1').
1754915773: Client auto-8F66F1DF-1BA5-C9BB-1599-E9847B3A08EE disconnected.
1754915799: New connection from 172.18.0.1:34932 on port 1883.
1754915799: New client connected from 172.18.0.1:34932 as auto-D211C757-36F2-64EB-928B-41FB70DBA4B8 (p2, c1, k60, u'echipa2').
1754915799: Client auto-D211C757-36F2-64EB-928B-41FB70DBA4B8 disconnected.
1754917460: Saving in-memory database to /mosquitto/data//mosquitto.db.
1754919261: Saving in-memory database to /mosquitto/data//mosquitto.db.
1754921062: Saving in-memory database to /mosquitto/data//mosquitto.db.
1754922863: Saving in-memory database to /mosquitto/data//mosquitto.db.
1754924664: Saving in-memory database to /mosquitto/data//mosquitto.db.
1754926380: New connection from 65.49.1.182:32574 on port 1883.
1754926380: Client MqttClient disconnected, not authorised.
1754926465: Saving in-memory database to /mosquitto/data//mosquitto.db.
1754928266: Saving in-memory database to /mosquitto/data//mosquitto.db.
1754930067: Saving in-memory database to /mosquitto/data//mosquitto.db.
1754930832: mosquitto version 2.0.22 terminating
1754930832: Saving in-memory database to /mosquitto/data//mosquitto.db.
1754930898: mosquitto version 2.0.22 starting
1754930898: Config loaded from /mosquitto/config/mosquitto.conf.
1754930898: Warning: ACL pattern 'public/#' does not contain '%c' or '%u'.
1754930898: Opening ipv4 listen socket on port 1883.
1754930898: Opening websockets listen socket on port 9001.
1754930898: mosquitto version 2.0.22 running
1754930898: New connection from 172.18.0.1:44878 on port 1883.
1754930898: New client connected from 172.18.0.1:44878 as auto-DF03CBF6-B070-E644-CEBF-C95ED7CEB8E4 (p2, c1, k60, u'admin').
1754930913: mosquitto version 2.0.22 terminating
1754930913: Saving in-memory database to /mosquitto/data//mosquitto.db.
1754930917: mosquitto version 2.0.22 starting
1754930917: Config loaded from /mosquitto/config/mosquitto.conf.
1754930917: Warning: ACL pattern 'public/#' does not contain '%c' or '%u'.
1754930917: Opening ipv4 listen socket on port 1883.
1754930917: Opening websockets listen socket on port 9001.
1754930917: mosquitto version 2.0.22 running
1754930917: New connection from 172.18.0.1:39076 on port 1883.
1754930917: New client connected from 172.18.0.1:39076 as auto-CA25C7CD-DE18-34F7-6EBD-9D93C7883A89 (p2, c1, k60, u'admin').
1754931811: mosquitto version 2.0.22 terminating
1754931811: Saving in-memory database to /mosquitto/data//mosquitto.db.
1754931830: mosquitto version 2.0.22 starting
1754931830: Config loaded from /mosquitto/config/mosquitto.conf.
1754931830: Warning: ACL pattern 'public/#' does not contain '%c' or '%u'.
1754931830: Opening ipv4 listen socket on port 1883.
1754931830: Opening websockets listen socket on port 9001.
1754931830: mosquitto version 2.0.22 running
1754931831: New connection from 172.18.0.1:49270 on port 1883.
1754931831: New client connected from 172.18.0.1:49270 as auto-502CAC55-3DB9-976C-84C5-4BB8D8EF9D00 (p2, c1, k60, u'admin').
1754931855: mosquitto version 2.0.22 terminating
1754931855: Saving in-memory database to /mosquitto/data//mosquitto.db.
1754939346: mosquitto version 2.0.22 starting
1754939346: Config loaded from /mosquitto/config/mosquitto.conf.
1754939346: Warning: ACL pattern 'public/#' does not contain '%c' or '%u'.
1754939346: Opening ipv4 listen socket on port 1883.
1754939346: Opening websockets listen socket on port 9001.
1754939346: mosquitto version 2.0.22 running
1754939347: New connection from 172.18.0.1:50254 on port 1883.
1754939347: New client connected from 172.18.0.1:50254 as auto-5F59769E-77A5-A51D-BABF-0614F7E0C5EF (p2, c1, k60, u'admin').
1754939388: mosquitto version 2.0.22 terminating
1754939388: Saving in-memory database to /mosquitto/data//mosquitto.db.
1754939417: mosquitto version 2.0.22 starting
1754939417: Config loaded from /mosquitto/config/mosquitto.conf.
1754939417: Warning: ACL pattern 'public/#' does not contain '%c' or '%u'.
1754939417: Opening ipv4 listen socket on port 1883.
1754939417: Opening websockets listen socket on port 9001.
1754939417: mosquitto version 2.0.22 running
1754939418: New connection from 172.18.0.1:38462 on port 1883.
1754939418: New client connected from 172.18.0.1:38462 as auto-0E1E3DE1-4692-80A4-7F2A-54A343E7552F (p2, c1, k60, u'admin').
1754939515: mosquitto version 2.0.22 terminating
1754939515: Saving in-memory database to /mosquitto/data//mosquitto.db.
1754939760: mosquitto version 2.0.22 starting
1754939760: Config loaded from /mosquitto/config/mosquitto.conf.
1754939760: Warning: ACL pattern 'public/#' does not contain '%c' or '%u'.
1754939760: Opening ipv4 listen socket on port 1883.
1754939760: Opening websockets listen socket on port 9001.
1754939760: mosquitto version 2.0.22 running
1754939760: New connection from 172.18.0.1:45292 on port 1883.
1754939760: New client connected from 172.18.0.1:45292 as auto-77BFEC3B-3165-90BD-D70E-C1F95A9E2F79 (p2, c1, k60, u'admin').
1754939851: mosquitto version 2.0.22 terminating
1754939851: Saving in-memory database to /mosquitto/data//mosquitto.db.
1754939856: mosquitto version 2.0.22 starting
1754939856: Config loaded from /mosquitto/config/mosquitto.conf.
1754939856: Warning: ACL pattern 'public/#' does not contain '%c' or '%u'.
1754939856: Opening ipv4 listen socket on port 1883.
1754939856: Opening websockets listen socket on port 9001.
1754939856: mosquitto version 2.0.22 running
1754939857: New connection from 172.18.0.1:43576 on port 1883.
1754939857: New client connected from 172.18.0.1:43576 as auto-C99EE9A3-7658-B6FF-D293-C0892955E4E5 (p2, c1, k60, u'admin').
1754939941: mosquitto version 2.0.22 terminating
1754939941: Saving in-memory database to /mosquitto/data//mosquitto.db.
1754940119: mosquitto version 2.0.22 starting
1754940119: Config loaded from /mosquitto/config/mosquitto.conf.
1754940119: Warning: ACL pattern 'public/#' does not contain '%c' or '%u'.
1754940119: Opening ipv4 listen socket on port 1883.
1754940119: Opening websockets listen socket on port 9001.
1754940119: mosquitto version 2.0.22 running
1754940120: New connection from 172.18.0.1:33250 on port 1883.
1754940120: New client connected from 172.18.0.1:33250 as auto-65BCAF47-919A-9406-0A8E-36E872944244 (p2, c1, k60, u'admin').
1754940285: mosquitto version 2.0.22 terminating
1754940285: Saving in-memory database to /mosquitto/data//mosquitto.db.
1754940300: mosquitto version 2.0.22 starting
1754940300: Config loaded from /mosquitto/config/mosquitto.conf.
1754940300: Warning: ACL pattern 'public/#' does not contain '%c' or '%u'.
1754940300: Opening ipv4 listen socket on port 1883.
1754940300: Opening websockets listen socket on port 9001.
1754940300: mosquitto version 2.0.22 running
1754940300: New connection from 172.18.0.1:48978 on port 1883.
1754940300: New client connected from 172.18.0.1:48978 as auto-B0F964E8-7C28-2771-ECA7-56CD237E2863 (p2, c1, k60, u'admin').
1754940332: mosquitto version 2.0.22 terminating
1754940332: Saving in-memory database to /mosquitto/data//mosquitto.db.
1754940450: mosquitto version 2.0.22 starting
1754940450: Config loaded from /mosquitto/config/mosquitto.conf.
1754940450: Warning: ACL pattern 'public/#' does not contain '%c' or '%u'.
1754940450: Opening ipv4 listen socket on port 1883.
1754940450: Opening websockets listen socket on port 9001.
1754940450: mosquitto version 2.0.22 running
1754940450: New connection from 172.18.0.1:50408 on port 1883.
1754940450: New client connected from 172.18.0.1:50408 as auto-024A58D0-ACA9-D2BD-BB0C-275CEA96DC58 (p2, c1, k60, u'admin').
1754940521: mosquitto version 2.0.22 terminating
1754940521: Saving in-memory database to /mosquitto/data//mosquitto.db.
1754940536: mosquitto version 2.0.22 starting
1754940536: Config loaded from /mosquitto/config/mosquitto.conf.
1754940536: Warning: ACL pattern 'public/#' does not contain '%c' or '%u'.
1754940536: Opening ipv4 listen socket on port 1883.
1754940536: Opening websockets listen socket on port 9001.
1754940536: mosquitto version 2.0.22 running
1754940536: New connection from 172.18.0.1:57484 on port 1883.
1754940536: New client connected from 172.18.0.1:57484 as auto-732A6623-69A8-AE6F-6812-05F4E042AD0E (p2, c1, k60, u'admin').
1754940680: mosquitto version 2.0.22 terminating
1754940680: Saving in-memory database to /mosquitto/data//mosquitto.db.
1754940717: mosquitto version 2.0.22 starting
1754940717: Config loaded from /mosquitto/config/mosquitto.conf.
1754940717: Warning: ACL pattern 'public/#' does not contain '%c' or '%u'.
1754940717: Opening ipv4 listen socket on port 1883.
1754940717: Opening websockets listen socket on port 9001.
1754940717: mosquitto version 2.0.22 running
1754940717: New connection from 172.18.0.1:59132 on port 1883.
1754940717: New client connected from 172.18.0.1:59132 as auto-62AF557F-0663-9EFE-2C8A-91133FC135D2 (p2, c1, k60, u'admin').
1754940720: mosquitto version 2.0.22 terminating
1754940720: Saving in-memory database to /mosquitto/data//mosquitto.db.
1754941215: mosquitto version 2.0.22 starting
1754941215: Config loaded from /mosquitto/config/mosquitto.conf.
1754941215: Warning: ACL pattern 'public/#' does not contain '%c' or '%u'.
1754941215: Opening ipv4 listen socket on port 1883.
1754941215: Opening websockets listen socket on port 9001.
1754941215: mosquitto version 2.0.22 running
1754941215: New connection from 172.18.0.1:58014 on port 1883.
1754941215: New client connected from 172.18.0.1:58014 as auto-6B222D1B-E56C-1477-146E-A5FCEBD9A47A (p2, c1, k60, u'admin').
1754941351: mosquitto version 2.0.22 terminating
1754941351: Saving in-memory database to /mosquitto/data//mosquitto.db.
1754941378: mosquitto version 2.0.22 starting
1754941378: Config loaded from /mosquitto/config/mosquitto.conf.
1754941378: Warning: ACL pattern 'public/#' does not contain '%c' or '%u'.
1754941378: Opening ipv4 listen socket on port 1883.
1754941378: Opening websockets listen socket on port 9001.
1754941378: mosquitto version 2.0.22 running
1754941379: New connection from 172.18.0.1:45150 on port 1883.
1754941379: New client connected from 172.18.0.1:45150 as auto-72FA05FB-846A-6212-F8F4-341EC0251F50 (p2, c1, k60, u'admin').
1754941466: mosquitto version 2.0.22 terminating
1754941466: Saving in-memory database to /mosquitto/data//mosquitto.db.
1754941480: mosquitto version 2.0.22 starting
1754941480: Config loaded from /mosquitto/config/mosquitto.conf.
1754941480: Warning: ACL pattern 'public/#' does not contain '%c' or '%u'.
1754941480: Opening ipv4 listen socket on port 1883.
1754941480: Opening websockets listen socket on port 9001.
1754941480: mosquitto version 2.0.22 running
1754941481: New connection from 172.18.0.1:53566 on port 1883.
1754941481: New client connected from 172.18.0.1:53566 as auto-D27F5B81-8670-740F-DA04-9F45C9831C79 (p2, c1, k60, u'admin').
1754941775: mosquitto version 2.0.22 starting
1754941775: Config loaded from /mosquitto/config/mosquitto.conf.
1754941775: Warning: ACL pattern 'public/#' does not contain '%c' or '%u'.
1754941775: Opening ipv4 listen socket on port 1883.
1754941775: Opening websockets listen socket on port 9001.
1754941775: mosquitto version 2.0.22 running
1754941776: New connection from 172.18.0.1:46208 on port 1883.
1754941776: New client connected from 172.18.0.1:46208 as auto-5A54B634-B3B6-DF6E-7CB6-688A29A009BA (p2, c1, k60, u'admin').
1754942755: mosquitto version 2.0.22 terminating
1754942755: Saving in-memory database to /mosquitto/data//mosquitto.db.
1754942854: mosquitto version 2.0.22 starting
1754942854: Config loaded from /mosquitto/config/mosquitto.conf.
1754942854: Warning: ACL pattern 'public/#' does not contain '%c' or '%u'.
1754942854: Opening ipv4 listen socket on port 1883.
1754942854: Opening websockets listen socket on port 9001.
1754942854: mosquitto version 2.0.22 running
1754942854: New connection from 172.18.0.1:42652 on port 1883.
1754942854: New client connected from 172.18.0.1:42652 as auto-4A7E6DEC-11AD-08D0-0247-F1517FB2D8AB (p2, c1, k60, u'admin').
1754943990: mosquitto version 2.0.22 terminating
1754943990: Saving in-memory database to /mosquitto/data//mosquitto.db.
1754944003: mosquitto version 2.0.22 starting
1754944003: Config loaded from /mosquitto/config/mosquitto.conf.
1754944003: Warning: ACL pattern 'public/#' does not contain '%c' or '%u'.
1754944003: Opening ipv4 listen socket on port 1883.
1754944003: Opening websockets listen socket on port 9001.
1754944003: mosquitto version 2.0.22 running
1754944004: New connection from 172.18.0.1:34420 on port 1883.
1754944004: New client connected from 172.18.0.1:34420 as auto-3692BA26-5128-2777-5192-B54DD05A1633 (p2, c1, k60, u'admin').
1754944422: mosquitto version 2.0.22 terminating
1754944422: Saving in-memory database to /mosquitto/data//mosquitto.db.
1754944428: mosquitto version 2.0.22 starting
1754944428: Config loaded from /mosquitto/config/mosquitto.conf.
1754944428: Warning: ACL pattern 'public/#' does not contain '%c' or '%u'.
1754944428: Opening ipv4 listen socket on port 1883.
1754944428: Opening websockets listen socket on port 9001.
1754944428: mosquitto version 2.0.22 running
1754944428: New connection from 172.18.0.1:51150 on port 1883.
1754944428: New client connected from 172.18.0.1:51150 as auto-887AA01E-10C3-0BDD-A250-2A19577289A3 (p2, c1, k60, u'admin').
1754944569: mosquitto version 2.0.22 terminating
1754944569: Saving in-memory database to /mosquitto/data//mosquitto.db.
1754944574: mosquitto version 2.0.22 starting
1754944574: Config loaded from /mosquitto/config/mosquitto.conf.
1754944574: Warning: ACL pattern 'public/#' does not contain '%c' or '%u'.
1754944574: Opening ipv4 listen socket on port 1883.
1754944574: Opening websockets listen socket on port 9001.
1754944574: mosquitto version 2.0.22 running
1754944575: New connection from 172.18.0.1:39438 on port 1883.
1754944575: New client connected from 172.18.0.1:39438 as auto-33AFB772-11B9-3AF5-9052-2A75893AF4D4 (p2, c1, k60, u'admin').
1754946374: Saving in-memory database to /mosquitto/data//mosquitto.db.
1754947245: mosquitto version 2.0.22 terminating
1754947245: Saving in-memory database to /mosquitto/data//mosquitto.db.
1754947252: mosquitto version 2.0.22 starting
1754947252: Config loaded from /mosquitto/config/mosquitto.conf.
1754947252: Warning: ACL pattern 'public/#' does not contain '%c' or '%u'.
1754947252: Opening ipv4 listen socket on port 1883.
1754947252: Opening websockets listen socket on port 9001.
1754947252: mosquitto version 2.0.22 running
1754947252: New connection from 172.18.0.1:40342 on port 1883.
1754947252: New client connected from 172.18.0.1:40342 as auto-DA7BFE9F-D7D4-C91F-B6F9-3F415EFA61E1 (p2, c1, k60, u'admin').
1754948675: New connection from 95.76.145.50:55523 on port 1883.
1754948675: Client auto-941490FE-F651-470C-6656-027E1EEC89AA disconnected, not authorised.
1754948762: New connection from 95.76.145.50:55531 on port 1883.
1754948762: New client connected from 95.76.145.50:55531 as auto-7B9C5599-9BAA-88EC-0081-AE121CC76D1D (p2, c1, k60, u'admin').
1754948835: New connection from 95.76.145.50:55556 on port 1883.
1754948835: New client connected from 95.76.145.50:55556 as auto-48B3D730-EB0B-A7BC-9A39-E17564433824 (p2, c1, k60, u'echipa1').
1754948835: Client auto-48B3D730-EB0B-A7BC-9A39-E17564433824 disconnected.
1754948863: New connection from 95.76.145.50:55561 on port 1883.
1754948863: New client connected from 95.76.145.50:55561 as auto-F4E11EDC-92A7-0DC4-458C-AD94056E92D4 (p2, c1, k60, u'echipa1').
1754948863: Client auto-F4E11EDC-92A7-0DC4-458C-AD94056E92D4 disconnected.
1754949052: Saving in-memory database to /mosquitto/data//mosquitto.db.
1754949106: New connection from 206.168.34.76:54926 on port 1883.
1754949107: Client CENSYS disconnected, not authorised.
1754950245: Client auto-7B9C5599-9BAA-88EC-0081-AE121CC76D1D has exceeded timeout, disconnecting.
1754950853: Saving in-memory database to /mosquitto/data//mosquitto.db.
1754952654: Saving in-memory database to /mosquitto/data//mosquitto.db.
1754954455: Saving in-memory database to /mosquitto/data//mosquitto.db.
1754956220: New connection from 18.191.255.164:49806 on port 1883.
1754956221: Client <unknown> closed its connection.
1754956256: Saving in-memory database to /mosquitto/data//mosquitto.db.
1754958057: Saving in-memory database to /mosquitto/data//mosquitto.db.
1754959858: Saving in-memory database to /mosquitto/data//mosquitto.db.
1754960994: New connection from 95.76.145.50:64854 on port 1883.
1754960994: New client connected from 95.76.145.50:64854 as auto-62C064FB-E450-3566-5CC0-5BC4A9FDE99C (p2, c1, k60, u'admin').
1754961659: Saving in-memory database to /mosquitto/data//mosquitto.db.
1754961985: Client auto-62C064FB-E450-3566-5CC0-5BC4A9FDE99C has exceeded timeout, disconnecting.
1754963460: Saving in-memory database to /mosquitto/data//mosquitto.db.
1754965261: Saving in-memory database to /mosquitto/data//mosquitto.db.
1754967062: Saving in-memory database to /mosquitto/data//mosquitto.db.
1754968863: Saving in-memory database to /mosquitto/data//mosquitto.db.
1754970664: Saving in-memory database to /mosquitto/data//mosquitto.db.
1754972465: Saving in-memory database to /mosquitto/data//mosquitto.db.
1754972709: New connection from 95.76.145.50:64254 on port 1883.
1754972709: New client connected from 95.76.145.50:64254 as auto-494FFE21-B260-EE75-D332-590414A01B99 (p2, c1, k60, u'admin').
1754972799: Client auto-494FFE21-B260-EE75-D332-590414A01B99 has exceeded timeout, disconnecting.
1754973618: New connection from 205.210.31.228:58838 on port 1883.
1754973618: Client test disconnected, not authorised.
1754974266: Saving in-memory database to /mosquitto/data//mosquitto.db.
1754976067: Saving in-memory database to /mosquitto/data//mosquitto.db.
1754977868: Saving in-memory database to /mosquitto/data//mosquitto.db.
1754979669: Saving in-memory database to /mosquitto/data//mosquitto.db.
1754980286: New connection from 172.104.241.92:41318 on port 1883.
1754980286: Client <unknown> closed its connection.
1754980343: New connection from 172.104.241.92:50024 on port 1883.
1754980349: Client nmap disconnected, not authorised.
1754980351: New connection from 172.104.241.92:50054 on port 1883.
1754980361: Client <unknown> closed its connection.
1754980361: New connection from 172.104.241.92:48820 on port 1883.
1754980361: Client <unknown> disconnected due to protocol error.
1754981470: Saving in-memory database to /mosquitto/data//mosquitto.db.
1754983271: Saving in-memory database to /mosquitto/data//mosquitto.db.
1754985072: Saving in-memory database to /mosquitto/data//mosquitto.db.
1754986873: Saving in-memory database to /mosquitto/data//mosquitto.db.
1754988674: Saving in-memory database to /mosquitto/data//mosquitto.db.
1754990475: Saving in-memory database to /mosquitto/data//mosquitto.db.
1754990756: New connection from 167.94.145.97:39098 on port 1883.
1754990756: Client CENSYS disconnected, not authorised.
1754992276: Saving in-memory database to /mosquitto/data//mosquitto.db.
1754994077: Saving in-memory database to /mosquitto/data//mosquitto.db.
1754995878: Saving in-memory database to /mosquitto/data//mosquitto.db.
1754997679: Saving in-memory database to /mosquitto/data//mosquitto.db.
1754999012: New connection from 95.76.145.50:63704 on port 1883.
1754999012: New client connected from 95.76.145.50:63704 as auto-3677EC17-D327-49D7-95BD-4C832FBC867D (p2, c1, k60, u'admin').
1754999480: Saving in-memory database to /mosquitto/data//mosquitto.db.
1755000302: Client auto-3677EC17-D327-49D7-95BD-4C832FBC867D has exceeded timeout, disconnecting.
1755000601: New connection from 95.76.145.50:51789 on port 1883.
1755000601: New client connected from 95.76.145.50:51789 as auto-2F102BAE-CB9B-3745-DD94-CE5D5D8280CC (p2, c1, k60, u'admin').
1755001281: Saving in-memory database to /mosquitto/data//mosquitto.db.
1755002371: Client auto-2F102BAE-CB9B-3745-DD94-CE5D5D8280CC has exceeded timeout, disconnecting.
1755003082: Saving in-memory database to /mosquitto/data//mosquitto.db.
1755003092: New connection from 136.255.200.94:50642 on port 1883.
1755003092: New client connected from 136.255.200.94:50642 as auto-3A106EE3-CA26-5ED2-0D34-3018D81C6538 (p2, c1, k60, u'admin').
1755003995: New connection from 87.236.176.61:36661 on port 1883.
1755003998: Client <unknown> disconnected due to protocol error.
1755004010: New connection from 87.236.176.61:38347 on port 1883.
1755004013: Client nmap disconnected, not authorised.
1755004305: mosquitto version 2.0.22 terminating
1755004305: Saving in-memory database to /mosquitto/data//mosquitto.db.
1755004312: mosquitto version 2.0.22 starting
1755004312: Config loaded from /mosquitto/config/mosquitto.conf.
1755004312: Warning: ACL pattern 'public/#' does not contain '%c' or '%u'.
1755004312: Opening ipv4 listen socket on port 1883.
1755004312: Opening websockets listen socket on port 9001.
1755004312: mosquitto version 2.0.22 running
1755004312: New connection from 172.18.0.1:58488 on port 1883.
1755004312: New client connected from 172.18.0.1:58488 as auto-1D3E0FE4-B21D-E62A-BA01-FA5E90A4D7DB (p2, c1, k60, u'admin').
1755004313: New connection from 136.255.200.94:51215 on port 1883.
1755004313: New client connected from 136.255.200.94:51215 as auto-40024005-DD7F-FD72-E339-BEE66F7CD7F1 (p2, c1, k60, u'admin').
1755005014: New connection from 49.13.76.182:53034 on port 1883.
1755005014: New client connected from 49.13.76.182:53034 as auto-8A01E4F8-E51B-135F-1619-3858DE1C2ED0 (p2, c1, k60, u'admin').
1755005021: New connection from 49.13.76.182:56910 on port 1883.
1755005021: New client connected from 49.13.76.182:56910 as auto-DFEEF90F-B478-2EEC-0345-133E5B6DA354 (p2, c1, k60, u'admin').
1755005024: New connection from 49.13.76.182:56918 on port 1883.
1755005024: New client connected from 49.13.76.182:56918 as auto-C9ECA101-FE5D-5B4E-49ED-29FFCA3B5F27 (p2, c1, k60, u'admin').
1755005030: New connection from 49.13.76.182:55752 on port 1883.
1755005030: New client connected from 49.13.76.182:55752 as auto-17FE38CD-ABA5-7C97-F0CF-3A5399899C3C (p2, c1, k60, u'admin').
1755005034: New connection from 49.13.76.182:55754 on port 1883.
1755005034: New client connected from 49.13.76.182:55754 as auto-AFA62F38-F5AC-7E64-A31D-9C2C27813F0E (p2, c1, k60, u'admin').
1755005068: New connection from 49.13.76.182:47964 on port 1883.
1755005068: New client connected from 49.13.76.182:47964 as auto-504304C6-D66D-8F6D-ACEC-6674BE0F43ED (p2, c1, k60, u'admin').
1755005237: New connection from 49.13.76.182:37324 on port 1883.
1755005237: New client connected from 49.13.76.182:37324 as auto-F97A4FC6-7C57-7A48-54F9-202FDA0E4C44 (p2, c1, k60, u'echipa1').
1755005237: Client auto-F97A4FC6-7C57-7A48-54F9-202FDA0E4C44 disconnected.
1755005262: New connection from 49.13.76.182:55142 on port 1883.
1755005262: New client connected from 49.13.76.182:55142 as auto-D7E313AA-D87A-D844-4362-C3D0D2752B9B (p2, c1, k60, u'echipa2').
1755005262: Client auto-D7E313AA-D87A-D844-4362-C3D0D2752B9B disconnected.
1755005290: New connection from 49.13.76.182:45674 on port 1883.
1755005290: New client connected from 49.13.76.182:45674 as auto-47C46323-3366-3ED8-BAAD-7FBFD5A8A885 (p2, c1, k60, u'echipa4').
1755005290: Client auto-47C46323-3366-3ED8-BAAD-7FBFD5A8A885 disconnected.
1755005303: New connection from 49.13.76.182:42910 on port 1883.
1755005303: New client connected from 49.13.76.182:42910 as auto-8BAE2C1D-75AD-E19E-886D-B6800346F1BF (p2, c1, k60, u'echipa4').
1755005303: Client auto-8BAE2C1D-75AD-E19E-886D-B6800346F1BF disconnected.
1755005326: New connection from 49.13.76.182:48492 on port 1883.
1755005326: Client auto-68A4ACE1-01EF-6B83-61F0-91B45FB51C73 disconnected, not authorised.
1755005333: New connection from 49.13.76.182:38100 on port 1883.
1755005333: Client auto-9DC0CA70-2178-FE0F-6925-88DC3BA0581D disconnected, not authorised.
1755005341: New connection from 49.13.76.182:42970 on port 1883.
1755005341: New client connected from 49.13.76.182:42970 as auto-447064C5-C6E4-5326-D7F8-78C729051404 (p2, c1, k60, u'echipa7').
1755005341: Client auto-447064C5-C6E4-5326-D7F8-78C729051404 disconnected.
1755005365: New connection from 49.13.76.182:45512 on port 1883.
1755005365: New client connected from 49.13.76.182:45512 as auto-E24B5C87-EC90-68CD-5655-06D5CD344DE6 (p2, c1, k60, u'echipa3').
1755005365: Client auto-E24B5C87-EC90-68CD-5655-06D5CD344DE6 disconnected.
1755005389: Client auto-C9ECA101-FE5D-5B4E-49ED-29FFCA3B5F27 disconnected.
1755005393: New connection from 49.13.76.182:55760 on port 1883.
1755005393: New client connected from 49.13.76.182:55760 as auto-51982029-23A4-694D-595C-6169DA522565 (p2, c1, k60, u'admin').
1755005400: New connection from 49.13.76.182:40476 on port 1883.
1755005400: New client connected from 49.13.76.182:40476 as auto-6D0FC118-2254-81E2-54B0-A3DA57B67272 (p2, c1, k60, u'echipa4').
1755005400: Client auto-6D0FC118-2254-81E2-54B0-A3DA57B67272 disconnected.
1755005499: New connection from 49.13.76.182:44284 on port 1883.
1755005499: New client connected from 49.13.76.182:44284 as auto-B6EE0100-2988-D34A-8A77-83428C30FB64 (p2, c1, k60, u'echipa7').
1755005499: Client auto-B6EE0100-2988-D34A-8A77-83428C30FB64 disconnected.
1755005507: New connection from 49.13.76.182:60188 on port 1883.
1755005507: New client connected from 49.13.76.182:60188 as auto-8BF25A78-E1D8-1B9B-CEE5-C3C5CEE230F1 (p2, c1, k60, u'echipa1').
1755005507: Client auto-8BF25A78-E1D8-1B9B-CEE5-C3C5CEE230F1 disconnected.
1755005512: New connection from 49.13.76.182:60200 on port 1883.
1755005512: New client connected from 49.13.76.182:60200 as auto-14FC0E00-AF04-8538-F771-3FCF758ED433 (p2, c1, k60, u'echipa2').
1755005512: Client auto-14FC0E00-AF04-8538-F771-3FCF758ED433 disconnected.
1755005515: New connection from 49.13.76.182:60212 on port 1883.
1755005515: New client connected from 49.13.76.182:60212 as auto-7C214819-C57D-23BE-5F52-03D7A4DAC47B (p2, c1, k60, u'echipa4').
1755005515: Client auto-7C214819-C57D-23BE-5F52-03D7A4DAC47B disconnected.
1755005520: New connection from 49.13.76.182:33046 on port 1883.
1755005520: New client connected from 49.13.76.182:33046 as auto-838D5334-D95A-ABF6-2C69-BEE2A7C844F6 (p2, c1, k60, u'echipa7').
1755005520: Client auto-838D5334-D95A-ABF6-2C69-BEE2A7C844F6 disconnected.
1755005522: New connection from 49.13.76.182:33052 on port 1883.
1755005522: New client connected from 49.13.76.182:33052 as auto-4DF38DAB-415A-9FA8-4F3D-18745A6EBF6B (p2, c1, k60, u'echipa3').
1755005522: Client auto-4DF38DAB-415A-9FA8-4F3D-18745A6EBF6B disconnected.
1755005528: New connection from 49.13.76.182:55202 on port 1883.
1755005528: Client auto-41753627-CD84-FA75-73B4-C6F718B4A85E disconnected, not authorised.
1755005532: New connection from 49.13.76.182:55214 on port 1883.
1755005532: New client connected from 49.13.76.182:55214 as auto-FD53E49E-E6F1-2887-4417-144E72E17B95 (p2, c1, k60, u'echipa3').
1755005532: Client auto-FD53E49E-E6F1-2887-4417-144E72E17B95 disconnected.
1755005534: New connection from 49.13.76.182:55222 on port 1883.
1755005534: New client connected from 49.13.76.182:55222 as auto-7F30E06A-A7D1-8099-BC58-77E864FAFB23 (p2, c1, k60, u'echipa7').
1755005534: Client auto-7F30E06A-A7D1-8099-BC58-77E864FAFB23 disconnected.
1755005537: New connection from 49.13.76.182:50778 on port 1883.
1755005537: New client connected from 49.13.76.182:50778 as auto-9D9083EE-30E3-664F-5EA9-4B486890BE69 (p2, c1, k60, u'echipa7').
1755005537: Client auto-9D9083EE-30E3-664F-5EA9-4B486890BE69 disconnected.
1755005538: New connection from 49.13.76.182:50780 on port 1883.
1755005538: New client connected from 49.13.76.182:50780 as auto-EDBA8E4C-C2DA-B02E-5D59-E0C98BDF849C (p2, c1, k60, u'echipa7').
1755005538: Client auto-EDBA8E4C-C2DA-B02E-5D59-E0C98BDF849C disconnected.
1755005546: New connection from 49.13.76.182:50786 on port 1883.
1755005546: New client connected from 49.13.76.182:50786 as auto-11CBAF4F-A493-41E1-316C-A1887AF69AD2 (p2, c1, k60, u'echipa7').
1755005546: Client auto-11CBAF4F-A493-41E1-316C-A1887AF69AD2 disconnected.
1755005559: New connection from 49.13.76.182:46566 on port 1883.
1755005559: New client connected from 49.13.76.182:46566 as auto-7AD52B0A-C901-A3ED-CEAF-844E953485C0 (p2, c1, k60, u'echipa7').
1755005559: Client auto-7AD52B0A-C901-A3ED-CEAF-844E953485C0 disconnected.
1755005563: New connection from 49.13.76.182:46580 on port 1883.
1755005563: New client connected from 49.13.76.182:46580 as auto-BE2779A5-1F64-D8A6-CA10-9F2D5393B76A (p2, c1, k60, u'echipa3').
1755005563: Client auto-BE2779A5-1F64-D8A6-CA10-9F2D5393B76A disconnected.
1755005571: New connection from 49.13.76.182:40030 on port 1883.
1755005571: Client auto-58A31BDE-D1BD-016A-2F85-B1FC666578CC disconnected, not authorised.
1755005620: New connection from 49.13.76.182:53062 on port 1883.
1755005620: New client connected from 49.13.76.182:53062 as auto-A7224D95-5236-20B4-266D-850AD773B20F (p2, c1, k60, u'admin').
1755005630: Client auto-A7224D95-5236-20B4-266D-850AD773B20F disconnected.
1755005643: New connection from 49.13.76.182:42260 on port 1883.
1755005643: New client connected from 49.13.76.182:42260 as auto-CF6F04FE-6A1F-E1BC-FBD4-383C112FF253 (p2, c1, k60, u'admin').
1755005646: New connection from 49.13.76.182:42262 on port 1883.
1755005646: Client auto-125FC345-B4AD-7FE5-82B2-4F3D777B6755 disconnected, not authorised.
1755005647: New connection from 49.13.76.182:42276 on port 1883.
1755005647: New client connected from 49.13.76.182:42276 as auto-CE2C110F-A6AB-3A59-1ED9-B2185098C43E (p2, c1, k60, u'echipa7').
1755005647: Client auto-CE2C110F-A6AB-3A59-1ED9-B2185098C43E disconnected.
1755005648: New connection from 49.13.76.182:46530 on port 1883.
1755005648: New client connected from 49.13.76.182:46530 as auto-0EB22240-FD88-6017-935F-C8F3B6E5787A (p2, c1, k60, u'echipa4').
1755005648: Client auto-0EB22240-FD88-6017-935F-C8F3B6E5787A disconnected.
1755005660: mosquitto version 2.0.22 terminating
1755005660: Saving in-memory database to /mosquitto/data//mosquitto.db.
1755005668: mosquitto version 2.0.22 starting
1755005668: Config loaded from /mosquitto/config/mosquitto.conf.
1755005668: Warning: ACL pattern 'public/#' does not contain '%c' or '%u'.
1755005668: Opening ipv4 listen socket on port 1883.
1755005668: Opening websockets listen socket on port 9001.
1755005668: mosquitto version 2.0.22 running
1755005668: New connection from 172.18.0.1:48948 on port 1883.
1755005668: New client connected from 172.18.0.1:48948 as auto-4FA0E7C5-73DE-AA59-EA48-080F8F789A16 (p2, c1, k60, u'admin').
1755005668: New connection from 136.255.200.94:51500 on port 1883.
1755005668: New client connected from 136.255.200.94:51500 as auto-E026B974-415B-4E43-E961-E7828944526A (p2, c1, k60, u'admin').
1755005668: New connection from 49.13.76.182:41950 on port 1883.
1755005668: New connection from 49.13.76.182:41952 on port 1883.
1755005668: New connection from 49.13.76.182:41962 on port 1883.
1755005668: New connection from 49.13.76.182:41976 on port 1883.
1755005668: New connection from 49.13.76.182:41992 on port 1883.
1755005668: New client connected from 49.13.76.182:41950 as auto-91A7115C-49CF-71E8-4E6E-BEF86F70390C (p2, c1, k60, u'admin').
1755005668: New client connected from 49.13.76.182:41952 as auto-BA380D26-7FDC-4C87-8824-D963319A15C3 (p2, c1, k60, u'admin').
1755005668: New client connected from 49.13.76.182:41962 as auto-16499A55-29C6-17B7-53AA-5F189AF0B0B9 (p2, c1, k60, u'admin').
1755005668: New client connected from 49.13.76.182:41976 as auto-BC99CEE1-8BBF-8BE2-C6B6-A6837C4590FD (p2, c1, k60, u'admin').
1755005668: New client connected from 49.13.76.182:41992 as auto-8A4BA509-EF10-27D2-3A4A-A733A092026D (p2, c1, k60, u'admin').
1755005668: New connection from 49.13.76.182:42004 on port 1883.
1755005668: New connection from 49.13.76.182:42020 on port 1883.
1755005668: New client connected from 49.13.76.182:42004 as auto-7AE90211-2D90-16AD-F7E6-C678359CE3CB (p2, c1, k60, u'admin').
1755005668: New client connected from 49.13.76.182:42020 as auto-3F4138FA-F1F3-F41D-022B-DDA5F509015B (p2, c1, k60, u'admin').
1755005698: New connection from 49.13.76.182:37616 on port 1883.
1755005698: New client connected from 49.13.76.182:37616 as auto-2A5EF8C1-3513-FC70-D2D5-9B1D1A47AD3D (p2, c1, k60, u'echipa2').
1755005698: Client auto-2A5EF8C1-3513-FC70-D2D5-9B1D1A47AD3D disconnected.
1755005718: New connection from 49.13.76.182:35474 on port 1883.
1755005718: New client connected from 49.13.76.182:35474 as auto-8E187652-1DEE-21AA-79FC-941A401A1E92 (p2, c1, k60, u'echipa3').
1755005718: Client auto-8E187652-1DEE-21AA-79FC-941A401A1E92 disconnected.
1755005721: New connection from 49.13.76.182:35488 on port 1883.
1755005721: New client connected from 49.13.76.182:35488 as auto-83699FAB-C8C6-1EC6-644F-75EBBFEFBB92 (p2, c1, k60, u'echipa2').
1755005721: Client auto-83699FAB-C8C6-1EC6-644F-75EBBFEFBB92 disconnected.
1755005734: New connection from 49.13.76.182:57056 on port 1883.
1755005734: New client connected from 49.13.76.182:57056 as auto-36B057BF-4D2E-4DA0-13A8-B178721339AE (p2, c1, k60, u'echipa4').
1755005734: Client auto-36B057BF-4D2E-4DA0-13A8-B178721339AE disconnected.
1755005736: New connection from 49.13.76.182:57060 on port 1883.
1755005736: New client connected from 49.13.76.182:57060 as auto-E2F9B24F-DFD6-D1B7-8640-0F7D37956E36 (p2, c1, k60, u'echipa3').
1755005736: Client auto-E2F9B24F-DFD6-D1B7-8640-0F7D37956E36 disconnected.
1755005739: New connection from 49.13.76.182:51036 on port 1883.
1755005739: New client connected from 49.13.76.182:51036 as auto-CA4A1524-3AEB-6EF4-AD89-71EDDC7B0ADA (p2, c1, k60, u'echipa4').
1755005739: Client auto-CA4A1524-3AEB-6EF4-AD89-71EDDC7B0ADA disconnected.
1755005746: New connection from 49.13.76.182:51052 on port 1883.
1755005746: New client connected from 49.13.76.182:51052 as auto-8C8C355A-AE21-6470-595C-2CA1E1730379 (p2, c1, k60, u'echipa4').
1755005746: Client auto-8C8C355A-AE21-6470-595C-2CA1E1730379 disconnected.
1755005751: New connection from 49.13.76.182:40916 on port 1883.
1755005751: Client auto-B232E4EC-1947-2D0D-BEB2-492DF7C11B45 disconnected, not authorised.
1755005756: New connection from 49.13.76.182:40924 on port 1883.
1755005756: New client connected from 49.13.76.182:40924 as auto-BC39BEC9-0F94-A6E1-373C-317508B1890A (p2, c1, k60, u'echipa3').
1755005756: Client auto-BC39BEC9-0F94-A6E1-373C-317508B1890A disconnected.
1755005760: New connection from 49.13.76.182:51482 on port 1883.
1755005760: New client connected from 49.13.76.182:51482 as auto-AD635E4E-E888-D160-3467-4908CF2E21F3 (p2, c1, k60, u'echipa7').
1755005760: Client auto-AD635E4E-E888-D160-3467-4908CF2E21F3 disconnected.
1755005767: New connection from 49.13.76.182:37092 on port 1883.
1755005767: New client connected from 49.13.76.182:37092 as auto-79A8D1D1-3AC0-83B1-CB10-FCB4DC004612 (p2, c1, k60, u'echipa7').
1755005767: Client auto-79A8D1D1-3AC0-83B1-CB10-FCB4DC004612 disconnected.
1755005768: New connection from 49.13.76.182:37098 on port 1883.
1755005768: New client connected from 49.13.76.182:37098 as auto-C4351F48-7A59-1DA3-B74C-F3C92783D1C6 (p2, c1, k60, u'echipa7').
1755005768: Client auto-C4351F48-7A59-1DA3-B74C-F3C92783D1C6 disconnected.
1755005769: New connection from 49.13.76.182:37114 on port 1883.
1755005769: New client connected from 49.13.76.182:37114 as auto-F9F9D47B-3964-665C-FE3D-59F18E73617A (p2, c1, k60, u'echipa3').
1755005769: Client auto-F9F9D47B-3964-665C-FE3D-59F18E73617A disconnected.
1755005769: New connection from 49.13.76.182:37122 on port 1883.
1755005769: New client connected from 49.13.76.182:37122 as auto-BE352FD4-9C1E-030E-EF8E-8488B9A3BBB2 (p2, c1, k60, u'echipa7').
1755005769: Client auto-BE352FD4-9C1E-030E-EF8E-8488B9A3BBB2 disconnected.
1755005772: New connection from 49.13.76.182:37124 on port 1883.
1755005772: New client connected from 49.13.76.182:37124 as auto-05AC1564-E2AC-F623-AF66-836A29577EC2 (p2, c1, k60, u'echipa7').
1755005772: Client auto-05AC1564-E2AC-F623-AF66-836A29577EC2 disconnected.
1755005781: New connection from 49.13.76.182:60970 on port 1883.
1755005781: New client connected from 49.13.76.182:60970 as auto-3A5787B6-FEEC-63D8-A842-FB47C4295566 (p2, c1, k60, u'echipa3').
1755005781: Client auto-3A5787B6-FEEC-63D8-A842-FB47C4295566 disconnected.
1755005800: New connection from 49.13.76.182:44418 on port 1883.
1755005800: New client connected from 49.13.76.182:44418 as auto-4999A915-D10C-1165-2083-12092A0CF8EA (p2, c1, k60, u'echipa4').
1755005800: Client auto-4999A915-D10C-1165-2083-12092A0CF8EA disconnected.
1755006056: New connection from 49.13.76.182:44420 on port 1883.
1755006056: New client connected from 49.13.76.182:44420 as auto-D5D3C7EA-BA5B-9ABB-070F-19DFC74593B4 (p2, c1, k60, u'echipa3').
1755006056: Client auto-D5D3C7EA-BA5B-9ABB-070F-19DFC74593B4 disconnected.
1755006062: New connection from 49.13.76.182:40642 on port 1883.
1755006062: New client connected from 49.13.76.182:40642 as auto-27337A66-4D57-1E6F-741B-CE644C49B843 (p2, c1, k60, u'echipa3').
1755006062: Client auto-27337A66-4D57-1E6F-741B-CE644C49B843 disconnected.
1755006072: Client auto-16499A55-29C6-17B7-53AA-5F189AF0B0B9 disconnected.
1755006075: Client auto-7AE90211-2D90-16AD-F7E6-C678359CE3CB disconnected.
1755006079: Client auto-3F4138FA-F1F3-F41D-022B-DDA5F509015B disconnected.
1755006085: Client auto-8A4BA509-EF10-27D2-3A4A-A733A092026D disconnected.
1755006092: Client auto-BA380D26-7FDC-4C87-8824-D963319A15C3 disconnected.
1755006128: Client auto-BC99CEE1-8BBF-8BE2-C6B6-A6837C4590FD disconnected.
1755007468: Saving in-memory database to /mosquitto/data//mosquitto.db.
1755007739: Client auto-E026B974-415B-4E43-E961-E7828944526A has exceeded timeout, disconnecting.
1755007743: New connection from 136.255.200.94:52027 on port 1883.
1755007743: New client connected from 136.255.200.94:52027 as auto-0EF0ACC9-9E12-6C5B-A5DA-BA5371EE5A74 (p2, c1, k60, u'admin').
1755009269: Saving in-memory database to /mosquitto/data//mosquitto.db.
1755011070: Saving in-memory database to /mosquitto/data//mosquitto.db.
1755012871: Saving in-memory database to /mosquitto/data//mosquitto.db.
1755014672: Saving in-memory database to /mosquitto/data//mosquitto.db.
1755016473: Saving in-memory database to /mosquitto/data//mosquitto.db.
1755018106: New connection from 165.154.51.27:35360 on port 1883.
1755018112: Client <unknown> closed its connection.
1755018114: New connection from 165.154.51.27:36810 on port 1883.
1755018114: Client <unknown> disconnected due to protocol error.
1755018117: New connection from 165.154.51.27:37478 on port 1883.
1755018117: Client nmap disconnected, not authorised.
1755018117: New connection from 165.154.51.27:37660 on port 1883.
1755018117: Client nmapdhyssbcapazmexnk disconnected, not authorised.
1755018274: Saving in-memory database to /mosquitto/data//mosquitto.db.
1755020075: Saving in-memory database to /mosquitto/data//mosquitto.db.
1755021635: Client auto-0EF0ACC9-9E12-6C5B-A5DA-BA5371EE5A74 has exceeded timeout, disconnecting.
1755021876: Saving in-memory database to /mosquitto/data//mosquitto.db.
1755022296: New connection from 64.62.156.24:55728 on port 1883.
1755022296: Client MqttClient disconnected, not authorised.
1755023677: Saving in-memory database to /mosquitto/data//mosquitto.db.
1755025478: Saving in-memory database to /mosquitto/data//mosquitto.db.
1755027279: Saving in-memory database to /mosquitto/data//mosquitto.db.
1755029080: Saving in-memory database to /mosquitto/data//mosquitto.db.
1755030881: Saving in-memory database to /mosquitto/data//mosquitto.db.
1755031102: New connection from 95.76.145.50:62372 on port 1883.
1755031102: New client connected from 95.76.145.50:62372 as auto-D9C6C364-029E-3C53-3A08-71573D3D2B87 (p2, c1, k60, u'admin').
1755031253: Client auto-D9C6C364-029E-3C53-3A08-71573D3D2B87 has exceeded timeout, disconnecting.
1755032682: Saving in-memory database to /mosquitto/data//mosquitto.db.
1755034483: Saving in-memory database to /mosquitto/data//mosquitto.db.
1755036284: Saving in-memory database to /mosquitto/data//mosquitto.db.
1755038085: Saving in-memory database to /mosquitto/data//mosquitto.db.
1755039886: Saving in-memory database to /mosquitto/data//mosquitto.db.
1755041687: Saving in-memory database to /mosquitto/data//mosquitto.db.
1755043488: Saving in-memory database to /mosquitto/data//mosquitto.db.
1755045289: Saving in-memory database to /mosquitto/data//mosquitto.db.
1755047090: Saving in-memory database to /mosquitto/data//mosquitto.db.
1755048891: Saving in-memory database to /mosquitto/data//mosquitto.db.
1755050692: Saving in-memory database to /mosquitto/data//mosquitto.db.
1755052493: Saving in-memory database to /mosquitto/data//mosquitto.db.
1755054294: Saving in-memory database to /mosquitto/data//mosquitto.db.
1755056095: Saving in-memory database to /mosquitto/data//mosquitto.db.
1755057896: Saving in-memory database to /mosquitto/data//mosquitto.db.
1755059697: Saving in-memory database to /mosquitto/data//mosquitto.db.
1755061498: Saving in-memory database to /mosquitto/data//mosquitto.db.
1755063299: Saving in-memory database to /mosquitto/data//mosquitto.db.
1755065100: Saving in-memory database to /mosquitto/data//mosquitto.db.
1755066901: Saving in-memory database to /mosquitto/data//mosquitto.db.
1755068702: Saving in-memory database to /mosquitto/data//mosquitto.db.
1755070191: New connection from 68.183.101.211:19171 on port 1883.
1755070197: Client nmap disconnected, not authorised.
1755070197: New connection from 159.89.95.98:12618 on port 1883.
1755070197: Client topic-monitor disconnected, not authorised.
1755070197: New connection from 159.89.95.98:12622 on port 1883.
1755070197: Client topic-monitor disconnected, not authorised.
1755070503: Saving in-memory database to /mosquitto/data//mosquitto.db.
1755072304: Saving in-memory database to /mosquitto/data//mosquitto.db.
1755074105: Saving in-memory database to /mosquitto/data//mosquitto.db.
1755075274: New connection from 198.235.24.236:64246 on port 1883.
1755075274: Client test disconnected, not authorised.
1755075906: Saving in-memory database to /mosquitto/data//mosquitto.db.
1755077707: Saving in-memory database to /mosquitto/data//mosquitto.db.
1755077809: New connection from 167.94.138.47:48232 on port 1883.
1755077809: Client CENSYS disconnected, not authorised.
1755079508: Saving in-memory database to /mosquitto/data//mosquitto.db.
1755081309: Saving in-memory database to /mosquitto/data//mosquitto.db.
1755083110: Saving in-memory database to /mosquitto/data//mosquitto.db.
1755084911: Saving in-memory database to /mosquitto/data//mosquitto.db.
1755086712: Saving in-memory database to /mosquitto/data//mosquitto.db.
1755088513: Saving in-memory database to /mosquitto/data//mosquitto.db.
1755090314: Saving in-memory database to /mosquitto/data//mosquitto.db.
1755092115: Saving in-memory database to /mosquitto/data//mosquitto.db.
1755093916: Saving in-memory database to /mosquitto/data//mosquitto.db.
1755095717: Saving in-memory database to /mosquitto/data//mosquitto.db.
1755097518: Saving in-memory database to /mosquitto/data//mosquitto.db.
1755098961: New connection from 65.49.1.232:21864 on port 1883.
1755098961: Client MqttClient disconnected, not authorised.
1755099319: Saving in-memory database to /mosquitto/data//mosquitto.db.
1755101120: Saving in-memory database to /mosquitto/data//mosquitto.db.
1755102921: Saving in-memory database to /mosquitto/data//mosquitto.db.
1755104722: Saving in-memory database to /mosquitto/data//mosquitto.db.
1755106523: Saving in-memory database to /mosquitto/data//mosquitto.db.
1755108324: Saving in-memory database to /mosquitto/data//mosquitto.db.
1755108561: New connection from 167.94.145.108:53284 on port 1883.
1755108561: Client CENSYS disconnected, not authorised.
1755110125: Saving in-memory database to /mosquitto/data//mosquitto.db.
1755111926: Saving in-memory database to /mosquitto/data//mosquitto.db.
1755113727: Saving in-memory database to /mosquitto/data//mosquitto.db.
1755115528: Saving in-memory database to /mosquitto/data//mosquitto.db.
1755117329: Saving in-memory database to /mosquitto/data//mosquitto.db.
1755119130: Saving in-memory database to /mosquitto/data//mosquitto.db.
1755120931: Saving in-memory database to /mosquitto/data//mosquitto.db.
1755122732: Saving in-memory database to /mosquitto/data//mosquitto.db.
1755124533: Saving in-memory database to /mosquitto/data//mosquitto.db.
1755126334: Saving in-memory database to /mosquitto/data//mosquitto.db.
1755128135: Saving in-memory database to /mosquitto/data//mosquitto.db.
1755129936: Saving in-memory database to /mosquitto/data//mosquitto.db.
1755131737: Saving in-memory database to /mosquitto/data//mosquitto.db.
1755133538: Saving in-memory database to /mosquitto/data//mosquitto.db.
1755135339: Saving in-memory database to /mosquitto/data//mosquitto.db.
1755137140: Saving in-memory database to /mosquitto/data//mosquitto.db.
1755138941: Saving in-memory database to /mosquitto/data//mosquitto.db.
1755140742: Saving in-memory database to /mosquitto/data//mosquitto.db.
1755142543: Saving in-memory database to /mosquitto/data//mosquitto.db.
1755144344: Saving in-memory database to /mosquitto/data//mosquitto.db.
1755145594: New connection from 104.131.161.173:56978 on port 1883.
1755145594: Client <unknown> disconnected due to protocol error.
1755146145: Saving in-memory database to /mosquitto/data//mosquitto.db.
1755147946: Saving in-memory database to /mosquitto/data//mosquitto.db.
1755149747: Saving in-memory database to /mosquitto/data//mosquitto.db.
1755151548: Saving in-memory database to /mosquitto/data//mosquitto.db.
1755153349: Saving in-memory database to /mosquitto/data//mosquitto.db.
1755154409: New connection from 139.162.173.209:38008 on port 1883.
1755154409: Client <unknown> closed its connection.
1755154483: New connection from 139.162.173.209:56836 on port 1883.
1755154489: Client nmap disconnected, not authorised.
1755154495: New connection from 139.162.173.209:34754 on port 1883.
1755154505: Client <unknown> closed its connection.
1755154505: New connection from 139.162.173.209:55790 on port 1883.
1755154505: Client <unknown> disconnected due to protocol error.
1755155150: Saving in-memory database to /mosquitto/data//mosquitto.db.
1755156951: Saving in-memory database to /mosquitto/data//mosquitto.db.
1755158752: Saving in-memory database to /mosquitto/data//mosquitto.db.
1755160553: Saving in-memory database to /mosquitto/data//mosquitto.db.
1755162354: Saving in-memory database to /mosquitto/data//mosquitto.db.
1755164155: Saving in-memory database to /mosquitto/data//mosquitto.db.
1755164959: New connection from 198.235.24.91:59792 on port 1883.
1755164959: Client test disconnected, not authorised.
1755165956: Saving in-memory database to /mosquitto/data//mosquitto.db.
1755167757: Saving in-memory database to /mosquitto/data//mosquitto.db.
1755169558: Saving in-memory database to /mosquitto/data//mosquitto.db.
1755171359: Saving in-memory database to /mosquitto/data//mosquitto.db.
1755173160: Saving in-memory database to /mosquitto/data//mosquitto.db.
1755174961: Saving in-memory database to /mosquitto/data//mosquitto.db.
1755176762: Saving in-memory database to /mosquitto/data//mosquitto.db.
1755178563: Saving in-memory database to /mosquitto/data//mosquitto.db.
1755180364: Saving in-memory database to /mosquitto/data//mosquitto.db.
1755182165: Saving in-memory database to /mosquitto/data//mosquitto.db.
1755183966: Saving in-memory database to /mosquitto/data//mosquitto.db.
1755185767: Saving in-memory database to /mosquitto/data//mosquitto.db.
1755187568: Saving in-memory database to /mosquitto/data//mosquitto.db.
1755189369: Saving in-memory database to /mosquitto/data//mosquitto.db.
1755190383: New connection from 195.184.76.235:56717 on port 1883.
1755190383: Client <unknown> disconnected due to protocol error.
1755190383: New connection from 195.184.76.14:42129 on port 1883.
1755190383: Client ONYPHE disconnected, not authorised.
1755191170: Saving in-memory database to /mosquitto/data//mosquitto.db.
1755192051: New connection from 64.62.197.152:19448 on port 1883.
1755192051: Client MqttClient disconnected, not authorised.
1755192971: Saving in-memory database to /mosquitto/data//mosquitto.db.
1755194772: Saving in-memory database to /mosquitto/data//mosquitto.db.
1755196551: New connection from 206.168.34.217:38582 on port 1883.
1755196552: Client CENSYS disconnected, not authorised.
1755196573: Saving in-memory database to /mosquitto/data//mosquitto.db.
1755198374: Saving in-memory database to /mosquitto/data//mosquitto.db.
1755200175: Saving in-memory database to /mosquitto/data//mosquitto.db.
1755201976: Saving in-memory database to /mosquitto/data//mosquitto.db.
1755203777: Saving in-memory database to /mosquitto/data//mosquitto.db.
1755205578: Saving in-memory database to /mosquitto/data//mosquitto.db.
1755207379: Saving in-memory database to /mosquitto/data//mosquitto.db.
1755209180: Saving in-memory database to /mosquitto/data//mosquitto.db.
1755210981: Saving in-memory database to /mosquitto/data//mosquitto.db.
1755212782: Saving in-memory database to /mosquitto/data//mosquitto.db.
1755214583: Saving in-memory database to /mosquitto/data//mosquitto.db.
1755215255: New connection from 91.196.152.107:34655 on port 1883.
1755215255: Client <unknown> disconnected due to protocol error.
1755215257: New connection from 91.196.152.17:53521 on port 1883.
1755215257: Client ONYPHE disconnected, not authorised.
1755216384: Saving in-memory database to /mosquitto/data//mosquitto.db.
1755218185: Saving in-memory database to /mosquitto/data//mosquitto.db.
1755219986: Saving in-memory database to /mosquitto/data//mosquitto.db.
1755221787: Saving in-memory database to /mosquitto/data//mosquitto.db.
1755223588: Saving in-memory database to /mosquitto/data//mosquitto.db.
1755225389: Saving in-memory database to /mosquitto/data//mosquitto.db.
1755227190: Saving in-memory database to /mosquitto/data//mosquitto.db.
1755228991: Saving in-memory database to /mosquitto/data//mosquitto.db.
1755230792: Saving in-memory database to /mosquitto/data//mosquitto.db.
1755232593: Saving in-memory database to /mosquitto/data//mosquitto.db.
1755234394: Saving in-memory database to /mosquitto/data//mosquitto.db.
1755236195: Saving in-memory database to /mosquitto/data//mosquitto.db.
1755237996: Saving in-memory database to /mosquitto/data//mosquitto.db.
1755239797: Saving in-memory database to /mosquitto/data//mosquitto.db.
1755240976: New connection from 87.236.176.148:58173 on port 1883.
1755240979: Client <unknown> disconnected due to protocol error.
1755240991: New connection from 185.247.137.157:58497 on port 1883.
1755240994: Client nmap disconnected, not authorised.
1755241598: Saving in-memory database to /mosquitto/data//mosquitto.db.
1755243399: Saving in-memory database to /mosquitto/data//mosquitto.db.
1755245200: Saving in-memory database to /mosquitto/data//mosquitto.db.
1755245253: New connection from 147.185.132.94:63414 on port 1883.
1755245253: Client test disconnected, not authorised.
1755247001: Saving in-memory database to /mosquitto/data//mosquitto.db.
1755248802: Saving in-memory database to /mosquitto/data//mosquitto.db.
1755250397: New connection from 123.58.196.28:57208 on port 1883.
1755250397: Client <unknown> disconnected due to protocol error.
1755250397: New connection from 123.58.196.28:57216 on port 1883.
1755250407: Client <unknown> closed its connection.
1755250408: New connection from 123.58.196.28:38398 on port 1883.
1755250408: Client nmap disconnected, not authorised.
1755250408: New connection from 123.58.196.28:38402 on port 1883.
1755250408: Client auto-B8E3149A-97E9-97A9-649C-D02DAB7A925F disconnected, not authorised.
1755250408: New connection from 123.58.196.28:50180 on port 1883.
1755250408: Client <unknown> disconnected due to protocol error.
1755250603: Saving in-memory database to /mosquitto/data//mosquitto.db.
1755252404: Saving in-memory database to /mosquitto/data//mosquitto.db.
1755254205: Saving in-memory database to /mosquitto/data//mosquitto.db.
1755256006: Saving in-memory database to /mosquitto/data//mosquitto.db.
1755257807: Saving in-memory database to /mosquitto/data//mosquitto.db.
1755259608: Saving in-memory database to /mosquitto/data//mosquitto.db.
1755261409: Saving in-memory database to /mosquitto/data//mosquitto.db.
1755263210: Saving in-memory database to /mosquitto/data//mosquitto.db.
1755265011: Saving in-memory database to /mosquitto/data//mosquitto.db.
1755266812: Saving in-memory database to /mosquitto/data//mosquitto.db.
1755268613: Saving in-memory database to /mosquitto/data//mosquitto.db.
1755270414: Saving in-memory database to /mosquitto/data//mosquitto.db.
1755272215: Saving in-memory database to /mosquitto/data//mosquitto.db.
1755274016: Saving in-memory database to /mosquitto/data//mosquitto.db.
1755275817: Saving in-memory database to /mosquitto/data//mosquitto.db.
1755277618: Saving in-memory database to /mosquitto/data//mosquitto.db.
1755279043: New connection from 65.49.1.66:2174 on port 1883.
1755279043: Client MqttClient disconnected, not authorised.
1755279419: Saving in-memory database to /mosquitto/data//mosquitto.db.
1755281220: Saving in-memory database to /mosquitto/data//mosquitto.db.
1755283021: Saving in-memory database to /mosquitto/data//mosquitto.db.
1755284822: Saving in-memory database to /mosquitto/data//mosquitto.db.
1755286266: New connection from 198.211.115.20:1333 on port 1883.
1755286272: Client nmap disconnected, not authorised.
1755286272: New connection from 67.205.181.147:61056 on port 1883.
1755286272: Client topic-monitor disconnected, not authorised.
1755286273: New connection from 67.205.181.147:61072 on port 1883.
1755286273: Client topic-monitor disconnected, not authorised.
1755286467: New connection from 162.142.125.208:50200 on port 1883.
1755286468: Client CENSYS disconnected, not authorised.
1755286623: Saving in-memory database to /mosquitto/data//mosquitto.db.
1755288424: Saving in-memory database to /mosquitto/data//mosquitto.db.
1755290225: Saving in-memory database to /mosquitto/data//mosquitto.db.
1755292026: Saving in-memory database to /mosquitto/data//mosquitto.db.
1755293827: Saving in-memory database to /mosquitto/data//mosquitto.db.
1755295628: Saving in-memory database to /mosquitto/data//mosquitto.db.
1755297429: Saving in-memory database to /mosquitto/data//mosquitto.db.
1755299230: Saving in-memory database to /mosquitto/data//mosquitto.db.
1755301031: Saving in-memory database to /mosquitto/data//mosquitto.db.
1755302832: Saving in-memory database to /mosquitto/data//mosquitto.db.
1755304633: Saving in-memory database to /mosquitto/data//mosquitto.db.
1755305120: New connection from 44.220.188.217:55934 on port 1883.
1755305120: Client 7MSO1DgK0hbSaEca9GEoSg disconnected, not authorised.
1755305120: New connection from 44.220.188.217:55948 on port 1883.
1755305120: Client a6def4ef-e6c2-41e0-a81b-0c884207742f disconnected, not authorised.
1755305120: New connection from 44.220.188.217:55956 on port 1883.
1755305120: Client e1808ad0-7901-41d4-9868-05cf463fe580 disconnected, not authorised.
1755306434: Saving in-memory database to /mosquitto/data//mosquitto.db.
1755308235: Saving in-memory database to /mosquitto/data//mosquitto.db.
1755310036: Saving in-memory database to /mosquitto/data//mosquitto.db.
1755311282: New connection from 147.185.132.129:62364 on port 1883.
1755311282: Client test disconnected, not authorised.
1755311837: Saving in-memory database to /mosquitto/data//mosquitto.db.
1755313638: Saving in-memory database to /mosquitto/data//mosquitto.db.
1755315439: Saving in-memory database to /mosquitto/data//mosquitto.db.
1755317240: Saving in-memory database to /mosquitto/data//mosquitto.db.
1755317952: New connection from 167.94.138.119:48876 on port 1883.
1755317953: Client CENSYS disconnected, not authorised.
1755319041: Saving in-memory database to /mosquitto/data//mosquitto.db.
1755320842: Saving in-memory database to /mosquitto/data//mosquitto.db.
1755322643: Saving in-memory database to /mosquitto/data//mosquitto.db.
1755324444: Saving in-memory database to /mosquitto/data//mosquitto.db.
1755325754: New connection from 172.235.181.226:53802 on port 1883.
1755325754: Client <unknown> closed its connection.
1755325839: New connection from 172.235.181.226:53038 on port 1883.
1755325845: Client nmap disconnected, not authorised.
1755325851: New connection from 172.235.181.226:59700 on port 1883.
1755325861: Client <unknown> closed its connection.
1755325861: New connection from 172.235.181.226:45714 on port 1883.
1755325861: Client <unknown> disconnected due to protocol error.
1755326245: Saving in-memory database to /mosquitto/data//mosquitto.db.
1755328046: Saving in-memory database to /mosquitto/data//mosquitto.db.
1755329847: Saving in-memory database to /mosquitto/data//mosquitto.db.
1755331648: Saving in-memory database to /mosquitto/data//mosquitto.db.
1755333449: Saving in-memory database to /mosquitto/data//mosquitto.db.
1755335250: Saving in-memory database to /mosquitto/data//mosquitto.db.
1755337051: Saving in-memory database to /mosquitto/data//mosquitto.db.
1755338852: Saving in-memory database to /mosquitto/data//mosquitto.db.
1755340653: Saving in-memory database to /mosquitto/data//mosquitto.db.
1755342454: Saving in-memory database to /mosquitto/data//mosquitto.db.
1755344255: Saving in-memory database to /mosquitto/data//mosquitto.db.
1755346056: Saving in-memory database to /mosquitto/data//mosquitto.db.
1755347857: Saving in-memory database to /mosquitto/data//mosquitto.db.
1755349658: Saving in-memory database to /mosquitto/data//mosquitto.db.
1755351459: Saving in-memory database to /mosquitto/data//mosquitto.db.
1755353260: Saving in-memory database to /mosquitto/data//mosquitto.db.
1755355061: Saving in-memory database to /mosquitto/data//mosquitto.db.
1755356862: Saving in-memory database to /mosquitto/data//mosquitto.db.
1755358663: Saving in-memory database to /mosquitto/data//mosquitto.db.
1755360464: Saving in-memory database to /mosquitto/data//mosquitto.db.
1755362265: Saving in-memory database to /mosquitto/data//mosquitto.db.
1755364066: Saving in-memory database to /mosquitto/data//mosquitto.db.
1755365867: Saving in-memory database to /mosquitto/data//mosquitto.db.
1755367668: Saving in-memory database to /mosquitto/data//mosquitto.db.
1755367924: New connection from 65.49.1.10:11368 on port 1883.
1755367924: Client MqttClient disconnected, not authorised.
1755369469: Saving in-memory database to /mosquitto/data//mosquitto.db.
1755371270: Saving in-memory database to /mosquitto/data//mosquitto.db.
1755373071: Saving in-memory database to /mosquitto/data//mosquitto.db.
1755374872: Saving in-memory database to /mosquitto/data//mosquitto.db.
1755376673: Saving in-memory database to /mosquitto/data//mosquitto.db.
1755378474: Saving in-memory database to /mosquitto/data//mosquitto.db.
1755380275: Saving in-memory database to /mosquitto/data//mosquitto.db.
1755382076: Saving in-memory database to /mosquitto/data//mosquitto.db.
1755383877: Saving in-memory database to /mosquitto/data//mosquitto.db.
1755385678: Saving in-memory database to /mosquitto/data//mosquitto.db.
1755387479: Saving in-memory database to /mosquitto/data//mosquitto.db.
1755389280: Saving in-memory database to /mosquitto/data//mosquitto.db.
1755391081: Saving in-memory database to /mosquitto/data//mosquitto.db.
1755392882: Saving in-memory database to /mosquitto/data//mosquitto.db.
1755394683: Saving in-memory database to /mosquitto/data//mosquitto.db.
1755396484: Saving in-memory database to /mosquitto/data//mosquitto.db.
1755398285: Saving in-memory database to /mosquitto/data//mosquitto.db.
1755400086: Saving in-memory database to /mosquitto/data//mosquitto.db.
1755401887: Saving in-memory database to /mosquitto/data//mosquitto.db.
1755403688: Saving in-memory database to /mosquitto/data//mosquitto.db.
1755405231: New connection from 206.168.34.79:50772 on port 1883.
1755405232: Client CENSYS disconnected, not authorised.
1755405489: Saving in-memory database to /mosquitto/data//mosquitto.db.
1755407290: Saving in-memory database to /mosquitto/data//mosquitto.db.
1755409091: Saving in-memory database to /mosquitto/data//mosquitto.db.
1755410892: Saving in-memory database to /mosquitto/data//mosquitto.db.
1755412693: Saving in-memory database to /mosquitto/data//mosquitto.db.
1755414494: Saving in-memory database to /mosquitto/data//mosquitto.db.
1755416295: Saving in-memory database to /mosquitto/data//mosquitto.db.
1755418096: Saving in-memory database to /mosquitto/data//mosquitto.db.
1755419897: Saving in-memory database to /mosquitto/data//mosquitto.db.
1755421698: Saving in-memory database to /mosquitto/data//mosquitto.db.
1755422782: New connection from 147.185.132.117:61572 on port 1883.
1755422782: Client test disconnected, not authorised.
1755423499: Saving in-memory database to /mosquitto/data//mosquitto.db.
1755425300: Saving in-memory database to /mosquitto/data//mosquitto.db.
1755427101: Saving in-memory database to /mosquitto/data//mosquitto.db.
1755428902: Saving in-memory database to /mosquitto/data//mosquitto.db.
1755429905: New connection from 161.35.230.3:59410 on port 1883.
1755429905: Client <unknown> disconnected due to protocol error.
1755430703: Saving in-memory database to /mosquitto/data//mosquitto.db.
1755432504: Saving in-memory database to /mosquitto/data//mosquitto.db.
1755434305: Saving in-memory database to /mosquitto/data//mosquitto.db.
1755436106: Saving in-memory database to /mosquitto/data//mosquitto.db.
1755437907: Saving in-memory database to /mosquitto/data//mosquitto.db.
1755439708: Saving in-memory database to /mosquitto/data//mosquitto.db.
1755441509: Saving in-memory database to /mosquitto/data//mosquitto.db.
1755442473: New connection from 167.172.137.37:38356 on port 1883.
1755442473: Client <unknown> disconnected due to protocol error.
1755443310: Saving in-memory database to /mosquitto/data//mosquitto.db.
1755445111: Saving in-memory database to /mosquitto/data//mosquitto.db.
1755446912: Saving in-memory database to /mosquitto/data//mosquitto.db.
1755448713: Saving in-memory database to /mosquitto/data//mosquitto.db.
1755450514: Saving in-memory database to /mosquitto/data//mosquitto.db.
1755452315: Saving in-memory database to /mosquitto/data//mosquitto.db.
1755454116: Saving in-memory database to /mosquitto/data//mosquitto.db.
1755455542: New connection from 185.242.226.59:36644 on port 1883.
1755455542: Client nmapbnjiahkrcejpughn disconnected, not authorised.
1755455608: New connection from 185.242.226.59:41518 on port 1883.
1755455608: Client <unknown> disconnected due to protocol error.
1755455917: Saving in-memory database to /mosquitto/data//mosquitto.db.
1755457502: New connection from 74.82.47.2:15160 on port 1883.
1755457502: Client MqttClient disconnected, not authorised.
1755457718: Saving in-memory database to /mosquitto/data//mosquitto.db.
1755459519: Saving in-memory database to /mosquitto/data//mosquitto.db.
1755461320: Saving in-memory database to /mosquitto/data//mosquitto.db.
1755463121: Saving in-memory database to /mosquitto/data//mosquitto.db.
1755464922: Saving in-memory database to /mosquitto/data//mosquitto.db.
1755466723: Saving in-memory database to /mosquitto/data//mosquitto.db.
1755468524: Saving in-memory database to /mosquitto/data//mosquitto.db.
1755470325: Saving in-memory database to /mosquitto/data//mosquitto.db.
1755472126: Saving in-memory database to /mosquitto/data//mosquitto.db.
1755473927: Saving in-memory database to /mosquitto/data//mosquitto.db.
1755475728: Saving in-memory database to /mosquitto/data//mosquitto.db.
1755477529: Saving in-memory database to /mosquitto/data//mosquitto.db.
1755479330: Saving in-memory database to /mosquitto/data//mosquitto.db.
1755481131: Saving in-memory database to /mosquitto/data//mosquitto.db.
1755482932: Saving in-memory database to /mosquitto/data//mosquitto.db.
1755484733: Saving in-memory database to /mosquitto/data//mosquitto.db.
1755485777: New connection from 74.82.47.2:18412 on port 1883.
1755485777: Client MqttClient disconnected, not authorised.
1755486534: Saving in-memory database to /mosquitto/data//mosquitto.db.
1755488335: Saving in-memory database to /mosquitto/data//mosquitto.db.
1755489072: New connection from 198.235.24.88:62798 on port 1883.
1755489072: Client test disconnected, not authorised.
1755490136: Saving in-memory database to /mosquitto/data//mosquitto.db.
1755491937: Saving in-memory database to /mosquitto/data//mosquitto.db.
1755493738: Saving in-memory database to /mosquitto/data//mosquitto.db.
1755495403: New connection from 206.168.34.199:49028 on port 1883.
1755495404: Client CENSYS disconnected, not authorised.
1755495539: Saving in-memory database to /mosquitto/data//mosquitto.db.
1755497340: Saving in-memory database to /mosquitto/data//mosquitto.db.
1755497402: New connection from 185.247.137.236:41165 on port 1883.
1755497405: Client <unknown> disconnected due to protocol error.
1755497418: New connection from 87.236.176.225:51263 on port 1883.
1755497421: Client nmap disconnected, not authorised.
1755498248: New connection from 172.104.241.92:41394 on port 1883.
1755498248: Client <unknown> closed its connection.
1755498295: New connection from 172.104.241.92:52774 on port 1883.
1755498301: Client nmap disconnected, not authorised.
1755498307: New connection from 172.104.241.92:58098 on port 1883.
1755498317: Client <unknown> closed its connection.
1755498317: New connection from 172.104.241.92:52408 on port 1883.
1755498317: Client <unknown> disconnected due to protocol error.
1755499141: Saving in-memory database to /mosquitto/data//mosquitto.db.
1755500942: Saving in-memory database to /mosquitto/data//mosquitto.db.
1755502743: Saving in-memory database to /mosquitto/data//mosquitto.db.
1755504544: Saving in-memory database to /mosquitto/data//mosquitto.db.
1755506345: Saving in-memory database to /mosquitto/data//mosquitto.db.
1755508146: Saving in-memory database to /mosquitto/data//mosquitto.db.
1755509947: Saving in-memory database to /mosquitto/data//mosquitto.db.
1755511748: Saving in-memory database to /mosquitto/data//mosquitto.db.
1755513549: Saving in-memory database to /mosquitto/data//mosquitto.db.
1755515350: Saving in-memory database to /mosquitto/data//mosquitto.db.
1755515783: mosquitto version 2.0.22 terminating
1755515783: Saving in-memory database to /mosquitto/data//mosquitto.db.
1755515785: mosquitto version 2.0.22 starting
1755515785: Config loaded from /mosquitto/config/mosquitto.conf.
1755515785: Warning: ACL pattern 'public/#' does not contain '%c' or '%u'.
1755515785: Opening ipv4 listen socket on port 1883.
1755515785: Opening websockets listen socket on port 9001.
1755515785: mosquitto version 2.0.22 running
1755515785: New connection from 172.18.0.1:46456 on port 1883.
1755515785: New client connected from 172.18.0.1:46456 as auto-49C6F7FC-C642-9853-21B3-D920D57FC095 (p2, c1, k60, u'admin').
1755515785: New connection from 5.75.210.124:56232 on port 1883.
1755515785: New client connected from 5.75.210.124:56232 as auto-B9B099E2-F14E-994F-2C52-031D7BA498EF (p2, c1, k60, u'admin').
1755517096: mosquitto version 2.0.22 terminating
1755517096: Saving in-memory database to /mosquitto/data//mosquitto.db.
1755517097: mosquitto version 2.0.22 starting
1755517097: Config loaded from /mosquitto/config/mosquitto.conf.
1755517097: Warning: ACL pattern 'public/#' does not contain '%c' or '%u'.
1755517097: Opening ipv4 listen socket on port 1883.
1755517097: Opening websockets listen socket on port 9001.
1755517097: mosquitto version 2.0.22 running
1755517097: New connection from 172.18.0.1:54946 on port 1883.
1755517097: New client connected from 172.18.0.1:54946 as auto-EA5973D4-3B63-67D6-2734-8E6AD6C1B31B (p2, c1, k60, u'admin').
1755517097: New connection from 5.75.210.124:44952 on port 1883.
1755517097: New client connected from 5.75.210.124:44952 as auto-C24BDDA2-D136-4B52-4414-AE2D18E56F2C (p2, c1, k60, u'admin').
1755517804: mosquitto version 2.0.22 terminating
1755517804: Saving in-memory database to /mosquitto/data//mosquitto.db.
1755517846: mosquitto version 2.0.22 starting
1755517846: Config loaded from /mosquitto/config/mosquitto.conf.
1755517846: Warning: ACL pattern 'public/#' does not contain '%c' or '%u'.
1755517846: Opening ipv4 listen socket on port 1883.
1755517846: Opening websockets listen socket on port 9001.
1755517846: mosquitto version 2.0.22 running
1755517846: New connection from 5.75.210.124:49350 on port 1883.
1755517846: New client connected from 5.75.210.124:49350 as auto-9B54DD9F-E7AE-49BA-2657-016C9066963A (p2, c1, k60, u'admin').
1755517847: New connection from 172.18.0.1:49888 on port 1883.
1755517847: New client connected from 172.18.0.1:49888 as auto-FCD85266-7D0C-BD88-F210-E13113CB2323 (p2, c1, k60, u'admin').
1755518117: mosquitto version 2.0.22 terminating
1755518117: Saving in-memory database to /mosquitto/data//mosquitto.db.
1755518118: mosquitto version 2.0.22 starting
1755518118: Config loaded from /mosquitto/config/mosquitto.conf.
1755518118: Warning: ACL pattern 'public/#' does not contain '%c' or '%u'.
1755518118: Opening ipv4 listen socket on port 1883.
1755518118: Opening websockets listen socket on port 9001.
1755518118: mosquitto version 2.0.22 running
1755518118: New connection from 5.75.210.124:48236 on port 1883.
1755518118: New client connected from 5.75.210.124:48236 as auto-FD267AA9-6DEF-5FD0-EEAA-15A1FAF123A2 (p2, c1, k60, u'admin').
1755518354: mosquitto version 2.0.22 terminating
1755518354: Saving in-memory database to /mosquitto/data//mosquitto.db.
1755518355: mosquitto version 2.0.22 starting
1755518355: Config loaded from /mosquitto/config/mosquitto.conf.
1755518355: Warning: ACL pattern 'public/#' does not contain '%c' or '%u'.
1755518355: Opening ipv4 listen socket on port 1883.
1755518355: Opening websockets listen socket on port 9001.
1755518355: mosquitto version 2.0.22 running
1755518355: New connection from 5.75.210.124:50280 on port 1883.
1755518355: New client connected from 5.75.210.124:50280 as auto-D3BD784B-34B9-C701-7854-B98BF6B342EC (p2, c1, k60, u'admin').
1755518482: mosquitto version 2.0.22 terminating
1755518482: Saving in-memory database to /mosquitto/data//mosquitto.db.
1755518492: mosquitto version 2.0.22 starting
1755518492: Config loaded from /mosquitto/config/mosquitto.conf.
1755518492: Warning: ACL pattern 'public/#' does not contain '%c' or '%u'.
1755518492: Opening ipv4 listen socket on port 1883.
1755518492: Opening websockets listen socket on port 9001.
1755518492: mosquitto version 2.0.22 running
1755518493: New connection from 5.75.210.124:46632 on port 1883.
1755518493: New client connected from 5.75.210.124:46632 as auto-ED78B26B-007A-89F3-13F8-927B33531DFE (p2, c1, k60, u'admin').
1755518555: mosquitto version 2.0.22 terminating
1755518555: Saving in-memory database to /mosquitto/data//mosquitto.db.
1755518562: mosquitto version 2.0.22 starting
1755518562: Config loaded from /mosquitto/config/mosquitto.conf.
1755518562: Opening ipv4 listen socket on port 1883.
1755518562: Opening websockets listen socket on port 9001.
1755518562: mosquitto version 2.0.22 running
1755518562: New connection from 5.75.210.124:45474 on port 1883.
1755518562: New client connected from 5.75.210.124:45474 as auto-2E595AF2-25F3-1C05-A6C5-834D327983C2 (p2, c1, k60, u'admin').
1755518627: mosquitto version 2.0.22 terminating
1755518627: Saving in-memory database to /mosquitto/data//mosquitto.db.
1755518631: mosquitto version 2.0.22 starting
1755518631: Config loaded from /mosquitto/config/mosquitto.conf.
1755518631: Opening ipv4 listen socket on port 1883.
1755518631: Opening websockets listen socket on port 9001.
1755518631: mosquitto version 2.0.22 running
1755518631: New connection from 5.75.210.124:42538 on port 1883.
1755518631: New client connected from 5.75.210.124:42538 as auto-38047D43-9A92-BC87-9AD6-1DCDA00A7352 (p2, c1, k60, u'admin').
1755518660: mosquitto version 2.0.22 terminating
1755518664: mosquitto version 2.0.22 starting
1755518664: Config loaded from /mosquitto/config/mosquitto.conf.
1755518664: Opening ipv4 listen socket on port 1883.
1755518664: Opening websockets listen socket on port 9001.
1755518664: mosquitto version 2.0.22 running
1755518664: New connection from 5.75.210.124:50102 on port 1883.
1755518664: New client connected from 5.75.210.124:50102 as auto-02ECDF25-C7BC-07E2-EA4E-7A36ABF57600 (p2, c1, k60, u'admin').
